[2018-06-05 13:37:53]    System.Web.HttpException (0x80004005): 无法在发送 HTTP 标头之后进行重定向。
   在 System.Web.HttpResponse.Redirect(String url, Boolean endResponse, Boolean permanent)
   在 System.Web.HttpResponseWrapper.Redirect(String url, Boolean endResponse)
   在 System.Web.Mvc.RedirectToRouteResult.ExecuteResult(ControllerContext context)
   在 System.Web.Mvc.ControllerActionInvoker.InvokeActionResult(ControllerContext controllerContext, ActionResult actionResult)
   在 System.Web.Mvc.ControllerActionInvoker.InvokeActionResultFilterRecursive(IList`1 filters, Int32 filterIndex, ResultExecutingContext preContext, ControllerContext controllerContext, ActionResult actionResult)
   在 System.Web.Mvc.ControllerActionInvoker.InvokeActionResultFilterRecursive(IList`1 filters, Int32 filterIndex, ResultExecutingContext preContext, ControllerContext controllerContext, ActionResult actionResult)
   在 System.Web.Mvc.ControllerActionInvoker.InvokeActionResultWithFilters(ControllerContext controllerContext, IList`1 filters, ActionResult actionResult)
   在 System.Web.Mvc.Async.AsyncControllerActionInvoker.<>c__DisplayClass21.<>c__DisplayClass2b.<BeginInvokeAction>b__1c()
   在 System.Web.Mvc.Async.AsyncControllerActionInvoker.<>c__DisplayClass21.<BeginInvokeAction>b__1e(IAsyncResult asyncResult)

[2018-06-05 13:39:41]    System.Web.HttpException (0x80004005): 无法在发送 HTTP 标头之后进行重定向。
   在 System.Web.HttpResponse.Redirect(String url, Boolean endResponse, Boolean permanent)
   在 System.Web.HttpResponseWrapper.Redirect(String url, Boolean endResponse)
   在 System.Web.Mvc.RedirectToRouteResult.ExecuteResult(ControllerContext context)
   在 System.Web.Mvc.ControllerActionInvoker.InvokeActionResult(ControllerContext controllerContext, ActionResult actionResult)
   在 System.Web.Mvc.ControllerActionInvoker.InvokeActionResultFilterRecursive(IList`1 filters, Int32 filterIndex, ResultExecutingContext preContext, ControllerContext controllerContext, ActionResult actionResult)
   在 System.Web.Mvc.ControllerActionInvoker.InvokeActionResultFilterRecursive(IList`1 filters, Int32 filterIndex, ResultExecutingContext preContext, ControllerContext controllerContext, ActionResult actionResult)
   在 System.Web.Mvc.ControllerActionInvoker.InvokeActionResultWithFilters(ControllerContext controllerContext, IList`1 filters, ActionResult actionResult)
   在 System.Web.Mvc.Async.AsyncControllerActionInvoker.<>c__DisplayClass21.<>c__DisplayClass2b.<BeginInvokeAction>b__1c()
   在 System.Web.Mvc.Async.AsyncControllerActionInvoker.<>c__DisplayClass21.<BeginInvokeAction>b__1e(IAsyncResult asyncResult)

[2018-06-05 13:44:40]    System.Data.SqlClient.SqlException (0x80131904): 关键字 'Where' 附近有语法错误。
   在 KGMFramework.WebApp.DALSQL.Asset_RegisterHead.createCode(String F_Id) 位置 d:\X 项目管理\G 固定资产管理(Web)\02.源代码\01.网站程序\KGMFramework.WebApp\KGMFramework.WebApp.Core\DAL\AssetManage\DALSQL\Asset_RegisterHead.cs:行号 331
   在 KGMFramework.WebApp.BLL.Asset_RegisterHead.createCode(String F_Id) 位置 d:\X 项目管理\G 固定资产管理(Web)\02.源代码\01.网站程序\KGMFramework.WebApp\KGMFramework.WebApp.Core\BLL\AssetManage\Asset_RegisterHead.cs:行号 58
   在 KGMFramework.WebApp.Areas.AssetManage.Controllers.AssetRegistrationController.createCode(String F_Id) 位置 d:\X 项目管理\G 固定资产管理(Web)\02.源代码\01.网站程序\KGMFramework.WebApp\KGMFramework.WebApp\Areas\AssetManage\Controllers\AssetRegistrationController.cs:行号 146
   在 lambda_method(Closure , ControllerBase , Object[] )
   在 System.Web.Mvc.ActionMethodDispatcher.Execute(ControllerBase controller, Object[] parameters)
   在 System.Web.Mvc.ReflectedActionDescriptor.Execute(ControllerContext controllerContext, IDictionary`2 parameters)
   在 System.Web.Mvc.ControllerActionInvoker.InvokeActionMethod(ControllerContext controllerContext, ActionDescriptor actionDescriptor, IDictionary`2 parameters)
   在 System.Web.Mvc.Async.AsyncControllerActionInvoker.<BeginInvokeSynchronousActionMethod>b__39(IAsyncResult asyncResult, ActionInvocation innerInvokeState)
   在 System.Web.Mvc.Async.AsyncResultWrapper.WrappedAsyncResult`2.CallEndDelegate(IAsyncResult asyncResult)
   在 System.Web.Mvc.Async.AsyncResultWrapper.WrappedAsyncResultBase`1.End()
   在 System.Web.Mvc.Async.AsyncControllerActionInvoker.EndInvokeActionMethod(IAsyncResult asyncResult)
   在 System.Web.Mvc.Async.AsyncControllerActionInvoker.AsyncInvocationWithFilters.<InvokeActionMethodFilterAsynchronouslyRecursive>b__3d()
   在 System.Web.Mvc.Async.AsyncControllerActionInvoker.AsyncInvocationWithFilters.<>c__DisplayClass46.<InvokeActionMethodFilterAsynchronouslyRecursive>b__3f()
   在 System.Web.Mvc.Async.AsyncControllerActionInvoker.<>c__DisplayClass33.<BeginInvokeActionMethodWithFilters>b__32(IAsyncResult asyncResult)
   在 System.Web.Mvc.Async.AsyncResultWrapper.WrappedAsyncResult`1.CallEndDelegate(IAsyncResult asyncResult)
   在 System.Web.Mvc.Async.AsyncResultWrapper.WrappedAsyncResultBase`1.End()
   在 System.Web.Mvc.Async.AsyncControllerActionInvoker.EndInvokeActionMethodWithFilters(IAsyncResult asyncResult)
   在 System.Web.Mvc.Async.AsyncControllerActionInvoker.<>c__DisplayClass21.<>c__DisplayClass2b.<BeginInvokeAction>b__1c()
   在 System.Web.Mvc.Async.AsyncControllerActionInvoker.<>c__DisplayClass21.<BeginInvokeAction>b__1e(IAsyncResult asyncResult)
ClientConnectionId:72ef506b-7a1c-46ef-aaad-c8227bf6b9c4
Error Number:156,State:1,Class:15

[2018-06-05 13:44:43]    System.Data.SqlClient.SqlException (0x80131904): 关键字 'Where' 附近有语法错误。
   在 KGMFramework.WebApp.DALSQL.Asset_RegisterHead.createCode(String F_Id) 位置 d:\X 项目管理\G 固定资产管理(Web)\02.源代码\01.网站程序\KGMFramework.WebApp\KGMFramework.WebApp.Core\DAL\AssetManage\DALSQL\Asset_RegisterHead.cs:行号 331
   在 KGMFramework.WebApp.BLL.Asset_RegisterHead.createCode(String F_Id) 位置 d:\X 项目管理\G 固定资产管理(Web)\02.源代码\01.网站程序\KGMFramework.WebApp\KGMFramework.WebApp.Core\BLL\AssetManage\Asset_RegisterHead.cs:行号 58
   在 KGMFramework.WebApp.Areas.AssetManage.Controllers.AssetRegistrationController.createCode(String F_Id) 位置 d:\X 项目管理\G 固定资产管理(Web)\02.源代码\01.网站程序\KGMFramework.WebApp\KGMFramework.WebApp\Areas\AssetManage\Controllers\AssetRegistrationController.cs:行号 146
   在 lambda_method(Closure , ControllerBase , Object[] )
   在 System.Web.Mvc.ActionMethodDispatcher.Execute(ControllerBase controller, Object[] parameters)
   在 System.Web.Mvc.ReflectedActionDescriptor.Execute(ControllerContext controllerContext, IDictionary`2 parameters)
   在 System.Web.Mvc.ControllerActionInvoker.InvokeActionMethod(ControllerContext controllerContext, ActionDescriptor actionDescriptor, IDictionary`2 parameters)
   在 System.Web.Mvc.Async.AsyncControllerActionInvoker.<BeginInvokeSynchronousActionMethod>b__39(IAsyncResult asyncResult, ActionInvocation innerInvokeState)
   在 System.Web.Mvc.Async.AsyncResultWrapper.WrappedAsyncResult`2.CallEndDelegate(IAsyncResult asyncResult)
   在 System.Web.Mvc.Async.AsyncResultWrapper.WrappedAsyncResultBase`1.End()
   在 System.Web.Mvc.Async.AsyncControllerActionInvoker.EndInvokeActionMethod(IAsyncResult asyncResult)
   在 System.Web.Mvc.Async.AsyncControllerActionInvoker.AsyncInvocationWithFilters.<InvokeActionMethodFilterAsynchronouslyRecursive>b__3d()
   在 System.Web.Mvc.Async.AsyncControllerActionInvoker.AsyncInvocationWithFilters.<>c__DisplayClass46.<InvokeActionMethodFilterAsynchronouslyRecursive>b__3f()
   在 System.Web.Mvc.Async.AsyncControllerActionInvoker.<>c__DisplayClass33.<BeginInvokeActionMethodWithFilters>b__32(IAsyncResult asyncResult)
   在 System.Web.Mvc.Async.AsyncResultWrapper.WrappedAsyncResult`1.CallEndDelegate(IAsyncResult asyncResult)
   在 System.Web.Mvc.Async.AsyncResultWrapper.WrappedAsyncResultBase`1.End()
   在 System.Web.Mvc.Async.AsyncControllerActionInvoker.EndInvokeActionMethodWithFilters(IAsyncResult asyncResult)
   在 System.Web.Mvc.Async.AsyncControllerActionInvoker.<>c__DisplayClass21.<>c__DisplayClass2b.<BeginInvokeAction>b__1c()
   在 System.Web.Mvc.Async.AsyncControllerActionInvoker.<>c__DisplayClass21.<BeginInvokeAction>b__1e(IAsyncResult asyncResult)
ClientConnectionId:72ef506b-7a1c-46ef-aaad-c8227bf6b9c4
Error Number:156,State:1,Class:15

[2018-06-05 13:44:45]    System.Data.SqlClient.SqlException (0x80131904): 关键字 'Where' 附近有语法错误。
   在 KGMFramework.WebApp.DALSQL.Asset_RegisterHead.createCode(String F_Id) 位置 d:\X 项目管理\G 固定资产管理(Web)\02.源代码\01.网站程序\KGMFramework.WebApp\KGMFramework.WebApp.Core\DAL\AssetManage\DALSQL\Asset_RegisterHead.cs:行号 331
   在 KGMFramework.WebApp.BLL.Asset_RegisterHead.createCode(String F_Id) 位置 d:\X 项目管理\G 固定资产管理(Web)\02.源代码\01.网站程序\KGMFramework.WebApp\KGMFramework.WebApp.Core\BLL\AssetManage\Asset_RegisterHead.cs:行号 58
   在 KGMFramework.WebApp.Areas.AssetManage.Controllers.AssetRegistrationController.createCode(String F_Id) 位置 d:\X 项目管理\G 固定资产管理(Web)\02.源代码\01.网站程序\KGMFramework.WebApp\KGMFramework.WebApp\Areas\AssetManage\Controllers\AssetRegistrationController.cs:行号 146
   在 lambda_method(Closure , ControllerBase , Object[] )
   在 System.Web.Mvc.ActionMethodDispatcher.Execute(ControllerBase controller, Object[] parameters)
   在 System.Web.Mvc.ReflectedActionDescriptor.Execute(ControllerContext controllerContext, IDictionary`2 parameters)
   在 System.Web.Mvc.ControllerActionInvoker.InvokeActionMethod(ControllerContext controllerContext, ActionDescriptor actionDescriptor, IDictionary`2 parameters)
   在 System.Web.Mvc.Async.AsyncControllerActionInvoker.<BeginInvokeSynchronousActionMethod>b__39(IAsyncResult asyncResult, ActionInvocation innerInvokeState)
   在 System.Web.Mvc.Async.AsyncResultWrapper.WrappedAsyncResult`2.CallEndDelegate(IAsyncResult asyncResult)
   在 System.Web.Mvc.Async.AsyncResultWrapper.WrappedAsyncResultBase`1.End()
   在 System.Web.Mvc.Async.AsyncControllerActionInvoker.EndInvokeActionMethod(IAsyncResult asyncResult)
   在 System.Web.Mvc.Async.AsyncControllerActionInvoker.AsyncInvocationWithFilters.<InvokeActionMethodFilterAsynchronouslyRecursive>b__3d()
   在 System.Web.Mvc.Async.AsyncControllerActionInvoker.AsyncInvocationWithFilters.<>c__DisplayClass46.<InvokeActionMethodFilterAsynchronouslyRecursive>b__3f()
   在 System.Web.Mvc.Async.AsyncControllerActionInvoker.<>c__DisplayClass33.<BeginInvokeActionMethodWithFilters>b__32(IAsyncResult asyncResult)
   在 System.Web.Mvc.Async.AsyncResultWrapper.WrappedAsyncResult`1.CallEndDelegate(IAsyncResult asyncResult)
   在 System.Web.Mvc.Async.AsyncResultWrapper.WrappedAsyncResultBase`1.End()
   在 System.Web.Mvc.Async.AsyncControllerActionInvoker.EndInvokeActionMethodWithFilters(IAsyncResult asyncResult)
   在 System.Web.Mvc.Async.AsyncControllerActionInvoker.<>c__DisplayClass21.<>c__DisplayClass2b.<BeginInvokeAction>b__1c()
   在 System.Web.Mvc.Async.AsyncControllerActionInvoker.<>c__DisplayClass21.<BeginInvokeAction>b__1e(IAsyncResult asyncResult)
ClientConnectionId:72ef506b-7a1c-46ef-aaad-c8227bf6b9c4
Error Number:156,State:1,Class:15

[2018-06-05 13:44:46]    System.Data.SqlClient.SqlException (0x80131904): 关键字 'Where' 附近有语法错误。
   在 KGMFramework.WebApp.DALSQL.Asset_RegisterHead.createCode(String F_Id) 位置 d:\X 项目管理\G 固定资产管理(Web)\02.源代码\01.网站程序\KGMFramework.WebApp\KGMFramework.WebApp.Core\DAL\AssetManage\DALSQL\Asset_RegisterHead.cs:行号 331
   在 KGMFramework.WebApp.BLL.Asset_RegisterHead.createCode(String F_Id) 位置 d:\X 项目管理\G 固定资产管理(Web)\02.源代码\01.网站程序\KGMFramework.WebApp\KGMFramework.WebApp.Core\BLL\AssetManage\Asset_RegisterHead.cs:行号 58
   在 KGMFramework.WebApp.Areas.AssetManage.Controllers.AssetRegistrationController.createCode(String F_Id) 位置 d:\X 项目管理\G 固定资产管理(Web)\02.源代码\01.网站程序\KGMFramework.WebApp\KGMFramework.WebApp\Areas\AssetManage\Controllers\AssetRegistrationController.cs:行号 146
   在 lambda_method(Closure , ControllerBase , Object[] )
   在 System.Web.Mvc.ActionMethodDispatcher.Execute(ControllerBase controller, Object[] parameters)
   在 System.Web.Mvc.ReflectedActionDescriptor.Execute(ControllerContext controllerContext, IDictionary`2 parameters)
   在 System.Web.Mvc.ControllerActionInvoker.InvokeActionMethod(ControllerContext controllerContext, ActionDescriptor actionDescriptor, IDictionary`2 parameters)
   在 System.Web.Mvc.Async.AsyncControllerActionInvoker.<BeginInvokeSynchronousActionMethod>b__39(IAsyncResult asyncResult, ActionInvocation innerInvokeState)
   在 System.Web.Mvc.Async.AsyncResultWrapper.WrappedAsyncResult`2.CallEndDelegate(IAsyncResult asyncResult)
   在 System.Web.Mvc.Async.AsyncResultWrapper.WrappedAsyncResultBase`1.End()
   在 System.Web.Mvc.Async.AsyncControllerActionInvoker.EndInvokeActionMethod(IAsyncResult asyncResult)
   在 System.Web.Mvc.Async.AsyncControllerActionInvoker.AsyncInvocationWithFilters.<InvokeActionMethodFilterAsynchronouslyRecursive>b__3d()
   在 System.Web.Mvc.Async.AsyncControllerActionInvoker.AsyncInvocationWithFilters.<>c__DisplayClass46.<InvokeActionMethodFilterAsynchronouslyRecursive>b__3f()
   在 System.Web.Mvc.Async.AsyncControllerActionInvoker.<>c__DisplayClass33.<BeginInvokeActionMethodWithFilters>b__32(IAsyncResult asyncResult)
   在 System.Web.Mvc.Async.AsyncResultWrapper.WrappedAsyncResult`1.CallEndDelegate(IAsyncResult asyncResult)
   在 System.Web.Mvc.Async.AsyncResultWrapper.WrappedAsyncResultBase`1.End()
   在 System.Web.Mvc.Async.AsyncControllerActionInvoker.EndInvokeActionMethodWithFilters(IAsyncResult asyncResult)
   在 System.Web.Mvc.Async.AsyncControllerActionInvoker.<>c__DisplayClass21.<>c__DisplayClass2b.<BeginInvokeAction>b__1c()
   在 System.Web.Mvc.Async.AsyncControllerActionInvoker.<>c__DisplayClass21.<BeginInvokeAction>b__1e(IAsyncResult asyncResult)
ClientConnectionId:72ef506b-7a1c-46ef-aaad-c8227bf6b9c4
Error Number:156,State:1,Class:15

[2018-06-05 13:44:46]    System.Data.SqlClient.SqlException (0x80131904): 关键字 'Where' 附近有语法错误。
   在 KGMFramework.WebApp.DALSQL.Asset_RegisterHead.createCode(String F_Id) 位置 d:\X 项目管理\G 固定资产管理(Web)\02.源代码\01.网站程序\KGMFramework.WebApp\KGMFramework.WebApp.Core\DAL\AssetManage\DALSQL\Asset_RegisterHead.cs:行号 331
   在 KGMFramework.WebApp.BLL.Asset_RegisterHead.createCode(String F_Id) 位置 d:\X 项目管理\G 固定资产管理(Web)\02.源代码\01.网站程序\KGMFramework.WebApp\KGMFramework.WebApp.Core\BLL\AssetManage\Asset_RegisterHead.cs:行号 58
   在 KGMFramework.WebApp.Areas.AssetManage.Controllers.AssetRegistrationController.createCode(String F_Id) 位置 d:\X 项目管理\G 固定资产管理(Web)\02.源代码\01.网站程序\KGMFramework.WebApp\KGMFramework.WebApp\Areas\AssetManage\Controllers\AssetRegistrationController.cs:行号 146
   在 lambda_method(Closure , ControllerBase , Object[] )
   在 System.Web.Mvc.ActionMethodDispatcher.Execute(ControllerBase controller, Object[] parameters)
   在 System.Web.Mvc.ReflectedActionDescriptor.Execute(ControllerContext controllerContext, IDictionary`2 parameters)
   在 System.Web.Mvc.ControllerActionInvoker.InvokeActionMethod(ControllerContext controllerContext, ActionDescriptor actionDescriptor, IDictionary`2 parameters)
   在 System.Web.Mvc.Async.AsyncControllerActionInvoker.<BeginInvokeSynchronousActionMethod>b__39(IAsyncResult asyncResult, ActionInvocation innerInvokeState)
   在 System.Web.Mvc.Async.AsyncResultWrapper.WrappedAsyncResult`2.CallEndDelegate(IAsyncResult asyncResult)
   在 System.Web.Mvc.Async.AsyncResultWrapper.WrappedAsyncResultBase`1.End()
   在 System.Web.Mvc.Async.AsyncControllerActionInvoker.EndInvokeActionMethod(IAsyncResult asyncResult)
   在 System.Web.Mvc.Async.AsyncControllerActionInvoker.AsyncInvocationWithFilters.<InvokeActionMethodFilterAsynchronouslyRecursive>b__3d()
   在 System.Web.Mvc.Async.AsyncControllerActionInvoker.AsyncInvocationWithFilters.<>c__DisplayClass46.<InvokeActionMethodFilterAsynchronouslyRecursive>b__3f()
   在 System.Web.Mvc.Async.AsyncControllerActionInvoker.<>c__DisplayClass33.<BeginInvokeActionMethodWithFilters>b__32(IAsyncResult asyncResult)
   在 System.Web.Mvc.Async.AsyncResultWrapper.WrappedAsyncResult`1.CallEndDelegate(IAsyncResult asyncResult)
   在 System.Web.Mvc.Async.AsyncResultWrapper.WrappedAsyncResultBase`1.End()
   在 System.Web.Mvc.Async.AsyncControllerActionInvoker.EndInvokeActionMethodWithFilters(IAsyncResult asyncResult)
   在 System.Web.Mvc.Async.AsyncControllerActionInvoker.<>c__DisplayClass21.<>c__DisplayClass2b.<BeginInvokeAction>b__1c()
   在 System.Web.Mvc.Async.AsyncControllerActionInvoker.<>c__DisplayClass21.<BeginInvokeAction>b__1e(IAsyncResult asyncResult)
ClientConnectionId:72ef506b-7a1c-46ef-aaad-c8227bf6b9c4
Error Number:156,State:1,Class:15

[2018-06-05 13:44:47]    System.Data.SqlClient.SqlException (0x80131904): 关键字 'Where' 附近有语法错误。
   在 KGMFramework.WebApp.DALSQL.Asset_RegisterHead.createCode(String F_Id) 位置 d:\X 项目管理\G 固定资产管理(Web)\02.源代码\01.网站程序\KGMFramework.WebApp\KGMFramework.WebApp.Core\DAL\AssetManage\DALSQL\Asset_RegisterHead.cs:行号 331
   在 KGMFramework.WebApp.BLL.Asset_RegisterHead.createCode(String F_Id) 位置 d:\X 项目管理\G 固定资产管理(Web)\02.源代码\01.网站程序\KGMFramework.WebApp\KGMFramework.WebApp.Core\BLL\AssetManage\Asset_RegisterHead.cs:行号 58
   在 KGMFramework.WebApp.Areas.AssetManage.Controllers.AssetRegistrationController.createCode(String F_Id) 位置 d:\X 项目管理\G 固定资产管理(Web)\02.源代码\01.网站程序\KGMFramework.WebApp\KGMFramework.WebApp\Areas\AssetManage\Controllers\AssetRegistrationController.cs:行号 146
   在 lambda_method(Closure , ControllerBase , Object[] )
   在 System.Web.Mvc.ActionMethodDispatcher.Execute(ControllerBase controller, Object[] parameters)
   在 System.Web.Mvc.ReflectedActionDescriptor.Execute(ControllerContext controllerContext, IDictionary`2 parameters)
   在 System.Web.Mvc.ControllerActionInvoker.InvokeActionMethod(ControllerContext controllerContext, ActionDescriptor actionDescriptor, IDictionary`2 parameters)
   在 System.Web.Mvc.Async.AsyncControllerActionInvoker.<BeginInvokeSynchronousActionMethod>b__39(IAsyncResult asyncResult, ActionInvocation innerInvokeState)
   在 System.Web.Mvc.Async.AsyncResultWrapper.WrappedAsyncResult`2.CallEndDelegate(IAsyncResult asyncResult)
   在 System.Web.Mvc.Async.AsyncResultWrapper.WrappedAsyncResultBase`1.End()
   在 System.Web.Mvc.Async.AsyncControllerActionInvoker.EndInvokeActionMethod(IAsyncResult asyncResult)
   在 System.Web.Mvc.Async.AsyncControllerActionInvoker.AsyncInvocationWithFilters.<InvokeActionMethodFilterAsynchronouslyRecursive>b__3d()
   在 System.Web.Mvc.Async.AsyncControllerActionInvoker.AsyncInvocationWithFilters.<>c__DisplayClass46.<InvokeActionMethodFilterAsynchronouslyRecursive>b__3f()
   在 System.Web.Mvc.Async.AsyncControllerActionInvoker.<>c__DisplayClass33.<BeginInvokeActionMethodWithFilters>b__32(IAsyncResult asyncResult)
   在 System.Web.Mvc.Async.AsyncResultWrapper.WrappedAsyncResult`1.CallEndDelegate(IAsyncResult asyncResult)
   在 System.Web.Mvc.Async.AsyncResultWrapper.WrappedAsyncResultBase`1.End()
   在 System.Web.Mvc.Async.AsyncControllerActionInvoker.EndInvokeActionMethodWithFilters(IAsyncResult asyncResult)
   在 System.Web.Mvc.Async.AsyncControllerActionInvoker.<>c__DisplayClass21.<>c__DisplayClass2b.<BeginInvokeAction>b__1c()
   在 System.Web.Mvc.Async.AsyncControllerActionInvoker.<>c__DisplayClass21.<BeginInvokeAction>b__1e(IAsyncResult asyncResult)
ClientConnectionId:72ef506b-7a1c-46ef-aaad-c8227bf6b9c4
Error Number:156,State:1,Class:15

[2018-06-05 13:44:47]    System.Data.SqlClient.SqlException (0x80131904): 关键字 'Where' 附近有语法错误。
   在 KGMFramework.WebApp.DALSQL.Asset_RegisterHead.createCode(String F_Id) 位置 d:\X 项目管理\G 固定资产管理(Web)\02.源代码\01.网站程序\KGMFramework.WebApp\KGMFramework.WebApp.Core\DAL\AssetManage\DALSQL\Asset_RegisterHead.cs:行号 331
   在 KGMFramework.WebApp.BLL.Asset_RegisterHead.createCode(String F_Id) 位置 d:\X 项目管理\G 固定资产管理(Web)\02.源代码\01.网站程序\KGMFramework.WebApp\KGMFramework.WebApp.Core\BLL\AssetManage\Asset_RegisterHead.cs:行号 58
   在 KGMFramework.WebApp.Areas.AssetManage.Controllers.AssetRegistrationController.createCode(String F_Id) 位置 d:\X 项目管理\G 固定资产管理(Web)\02.源代码\01.网站程序\KGMFramework.WebApp\KGMFramework.WebApp\Areas\AssetManage\Controllers\AssetRegistrationController.cs:行号 146
   在 lambda_method(Closure , ControllerBase , Object[] )
   在 System.Web.Mvc.ActionMethodDispatcher.Execute(ControllerBase controller, Object[] parameters)
   在 System.Web.Mvc.ReflectedActionDescriptor.Execute(ControllerContext controllerContext, IDictionary`2 parameters)
   在 System.Web.Mvc.ControllerActionInvoker.InvokeActionMethod(ControllerContext controllerContext, ActionDescriptor actionDescriptor, IDictionary`2 parameters)
   在 System.Web.Mvc.Async.AsyncControllerActionInvoker.<BeginInvokeSynchronousActionMethod>b__39(IAsyncResult asyncResult, ActionInvocation innerInvokeState)
   在 System.Web.Mvc.Async.AsyncResultWrapper.WrappedAsyncResult`2.CallEndDelegate(IAsyncResult asyncResult)
   在 System.Web.Mvc.Async.AsyncResultWrapper.WrappedAsyncResultBase`1.End()
   在 System.Web.Mvc.Async.AsyncControllerActionInvoker.EndInvokeActionMethod(IAsyncResult asyncResult)
   在 System.Web.Mvc.Async.AsyncControllerActionInvoker.AsyncInvocationWithFilters.<InvokeActionMethodFilterAsynchronouslyRecursive>b__3d()
   在 System.Web.Mvc.Async.AsyncControllerActionInvoker.AsyncInvocationWithFilters.<>c__DisplayClass46.<InvokeActionMethodFilterAsynchronouslyRecursive>b__3f()
   在 System.Web.Mvc.Async.AsyncControllerActionInvoker.<>c__DisplayClass33.<BeginInvokeActionMethodWithFilters>b__32(IAsyncResult asyncResult)
   在 System.Web.Mvc.Async.AsyncResultWrapper.WrappedAsyncResult`1.CallEndDelegate(IAsyncResult asyncResult)
   在 System.Web.Mvc.Async.AsyncResultWrapper.WrappedAsyncResultBase`1.End()
   在 System.Web.Mvc.Async.AsyncControllerActionInvoker.EndInvokeActionMethodWithFilters(IAsyncResult asyncResult)
   在 System.Web.Mvc.Async.AsyncControllerActionInvoker.<>c__DisplayClass21.<>c__DisplayClass2b.<BeginInvokeAction>b__1c()
   在 System.Web.Mvc.Async.AsyncControllerActionInvoker.<>c__DisplayClass21.<BeginInvokeAction>b__1e(IAsyncResult asyncResult)
ClientConnectionId:72ef506b-7a1c-46ef-aaad-c8227bf6b9c4
Error Number:156,State:1,Class:15

[2018-06-05 13:44:47]    System.Data.SqlClient.SqlException (0x80131904): 关键字 'Where' 附近有语法错误。
   在 KGMFramework.WebApp.DALSQL.Asset_RegisterHead.createCode(String F_Id) 位置 d:\X 项目管理\G 固定资产管理(Web)\02.源代码\01.网站程序\KGMFramework.WebApp\KGMFramework.WebApp.Core\DAL\AssetManage\DALSQL\Asset_RegisterHead.cs:行号 331
   在 KGMFramework.WebApp.BLL.Asset_RegisterHead.createCode(String F_Id) 位置 d:\X 项目管理\G 固定资产管理(Web)\02.源代码\01.网站程序\KGMFramework.WebApp\KGMFramework.WebApp.Core\BLL\AssetManage\Asset_RegisterHead.cs:行号 58
   在 KGMFramework.WebApp.Areas.AssetManage.Controllers.AssetRegistrationController.createCode(String F_Id) 位置 d:\X 项目管理\G 固定资产管理(Web)\02.源代码\01.网站程序\KGMFramework.WebApp\KGMFramework.WebApp\Areas\AssetManage\Controllers\AssetRegistrationController.cs:行号 146
   在 lambda_method(Closure , ControllerBase , Object[] )
   在 System.Web.Mvc.ActionMethodDispatcher.Execute(ControllerBase controller, Object[] parameters)
   在 System.Web.Mvc.ReflectedActionDescriptor.Execute(ControllerContext controllerContext, IDictionary`2 parameters)
   在 System.Web.Mvc.ControllerActionInvoker.InvokeActionMethod(ControllerContext controllerContext, ActionDescriptor actionDescriptor, IDictionary`2 parameters)
   在 System.Web.Mvc.Async.AsyncControllerActionInvoker.<BeginInvokeSynchronousActionMethod>b__39(IAsyncResult asyncResult, ActionInvocation innerInvokeState)
   在 System.Web.Mvc.Async.AsyncResultWrapper.WrappedAsyncResult`2.CallEndDelegate(IAsyncResult asyncResult)
   在 System.Web.Mvc.Async.AsyncResultWrapper.WrappedAsyncResultBase`1.End()
   在 System.Web.Mvc.Async.AsyncControllerActionInvoker.EndInvokeActionMethod(IAsyncResult asyncResult)
   在 System.Web.Mvc.Async.AsyncControllerActionInvoker.AsyncInvocationWithFilters.<InvokeActionMethodFilterAsynchronouslyRecursive>b__3d()
   在 System.Web.Mvc.Async.AsyncControllerActionInvoker.AsyncInvocationWithFilters.<>c__DisplayClass46.<InvokeActionMethodFilterAsynchronouslyRecursive>b__3f()
   在 System.Web.Mvc.Async.AsyncControllerActionInvoker.<>c__DisplayClass33.<BeginInvokeActionMethodWithFilters>b__32(IAsyncResult asyncResult)
   在 System.Web.Mvc.Async.AsyncResultWrapper.WrappedAsyncResult`1.CallEndDelegate(IAsyncResult asyncResult)
   在 System.Web.Mvc.Async.AsyncResultWrapper.WrappedAsyncResultBase`1.End()
   在 System.Web.Mvc.Async.AsyncControllerActionInvoker.EndInvokeActionMethodWithFilters(IAsyncResult asyncResult)
   在 System.Web.Mvc.Async.AsyncControllerActionInvoker.<>c__DisplayClass21.<>c__DisplayClass2b.<BeginInvokeAction>b__1c()
   在 System.Web.Mvc.Async.AsyncControllerActionInvoker.<>c__DisplayClass21.<BeginInvokeAction>b__1e(IAsyncResult asyncResult)
ClientConnectionId:72ef506b-7a1c-46ef-aaad-c8227bf6b9c4
Error Number:156,State:1,Class:15

[2018-06-05 13:44:47]    System.Data.SqlClient.SqlException (0x80131904): 关键字 'Where' 附近有语法错误。
   在 KGMFramework.WebApp.DALSQL.Asset_RegisterHead.createCode(String F_Id) 位置 d:\X 项目管理\G 固定资产管理(Web)\02.源代码\01.网站程序\KGMFramework.WebApp\KGMFramework.WebApp.Core\DAL\AssetManage\DALSQL\Asset_RegisterHead.cs:行号 331
   在 KGMFramework.WebApp.BLL.Asset_RegisterHead.createCode(String F_Id) 位置 d:\X 项目管理\G 固定资产管理(Web)\02.源代码\01.网站程序\KGMFramework.WebApp\KGMFramework.WebApp.Core\BLL\AssetManage\Asset_RegisterHead.cs:行号 58
   在 KGMFramework.WebApp.Areas.AssetManage.Controllers.AssetRegistrationController.createCode(String F_Id) 位置 d:\X 项目管理\G 固定资产管理(Web)\02.源代码\01.网站程序\KGMFramework.WebApp\KGMFramework.WebApp\Areas\AssetManage\Controllers\AssetRegistrationController.cs:行号 146
   在 lambda_method(Closure , ControllerBase , Object[] )
   在 System.Web.Mvc.ActionMethodDispatcher.Execute(ControllerBase controller, Object[] parameters)
   在 System.Web.Mvc.ReflectedActionDescriptor.Execute(ControllerContext controllerContext, IDictionary`2 parameters)
   在 System.Web.Mvc.ControllerActionInvoker.InvokeActionMethod(ControllerContext controllerContext, ActionDescriptor actionDescriptor, IDictionary`2 parameters)
   在 System.Web.Mvc.Async.AsyncControllerActionInvoker.<BeginInvokeSynchronousActionMethod>b__39(IAsyncResult asyncResult, ActionInvocation innerInvokeState)
   在 System.Web.Mvc.Async.AsyncResultWrapper.WrappedAsyncResult`2.CallEndDelegate(IAsyncResult asyncResult)
   在 System.Web.Mvc.Async.AsyncResultWrapper.WrappedAsyncResultBase`1.End()
   在 System.Web.Mvc.Async.AsyncControllerActionInvoker.EndInvokeActionMethod(IAsyncResult asyncResult)
   在 System.Web.Mvc.Async.AsyncControllerActionInvoker.AsyncInvocationWithFilters.<InvokeActionMethodFilterAsynchronouslyRecursive>b__3d()
   在 System.Web.Mvc.Async.AsyncControllerActionInvoker.AsyncInvocationWithFilters.<>c__DisplayClass46.<InvokeActionMethodFilterAsynchronouslyRecursive>b__3f()
   在 System.Web.Mvc.Async.AsyncControllerActionInvoker.<>c__DisplayClass33.<BeginInvokeActionMethodWithFilters>b__32(IAsyncResult asyncResult)
   在 System.Web.Mvc.Async.AsyncResultWrapper.WrappedAsyncResult`1.CallEndDelegate(IAsyncResult asyncResult)
   在 System.Web.Mvc.Async.AsyncResultWrapper.WrappedAsyncResultBase`1.End()
   在 System.Web.Mvc.Async.AsyncControllerActionInvoker.EndInvokeActionMethodWithFilters(IAsyncResult asyncResult)
   在 System.Web.Mvc.Async.AsyncControllerActionInvoker.<>c__DisplayClass21.<>c__DisplayClass2b.<BeginInvokeAction>b__1c()
   在 System.Web.Mvc.Async.AsyncControllerActionInvoker.<>c__DisplayClass21.<BeginInvokeAction>b__1e(IAsyncResult asyncResult)
ClientConnectionId:72ef506b-7a1c-46ef-aaad-c8227bf6b9c4
Error Number:156,State:1,Class:15

[2018-06-05 13:44:47]    System.Data.SqlClient.SqlException (0x80131904): 关键字 'Where' 附近有语法错误。
   在 KGMFramework.WebApp.DALSQL.Asset_RegisterHead.createCode(String F_Id) 位置 d:\X 项目管理\G 固定资产管理(Web)\02.源代码\01.网站程序\KGMFramework.WebApp\KGMFramework.WebApp.Core\DAL\AssetManage\DALSQL\Asset_RegisterHead.cs:行号 331
   在 KGMFramework.WebApp.BLL.Asset_RegisterHead.createCode(String F_Id) 位置 d:\X 项目管理\G 固定资产管理(Web)\02.源代码\01.网站程序\KGMFramework.WebApp\KGMFramework.WebApp.Core\BLL\AssetManage\Asset_RegisterHead.cs:行号 58
   在 KGMFramework.WebApp.Areas.AssetManage.Controllers.AssetRegistrationController.createCode(String F_Id) 位置 d:\X 项目管理\G 固定资产管理(Web)\02.源代码\01.网站程序\KGMFramework.WebApp\KGMFramework.WebApp\Areas\AssetManage\Controllers\AssetRegistrationController.cs:行号 146
   在 lambda_method(Closure , ControllerBase , Object[] )
   在 System.Web.Mvc.ActionMethodDispatcher.Execute(ControllerBase controller, Object[] parameters)
   在 System.Web.Mvc.ReflectedActionDescriptor.Execute(ControllerContext controllerContext, IDictionary`2 parameters)
   在 System.Web.Mvc.ControllerActionInvoker.InvokeActionMethod(ControllerContext controllerContext, ActionDescriptor actionDescriptor, IDictionary`2 parameters)
   在 System.Web.Mvc.Async.AsyncControllerActionInvoker.<BeginInvokeSynchronousActionMethod>b__39(IAsyncResult asyncResult, ActionInvocation innerInvokeState)
   在 System.Web.Mvc.Async.AsyncResultWrapper.WrappedAsyncResult`2.CallEndDelegate(IAsyncResult asyncResult)
   在 System.Web.Mvc.Async.AsyncResultWrapper.WrappedAsyncResultBase`1.End()
   在 System.Web.Mvc.Async.AsyncControllerActionInvoker.EndInvokeActionMethod(IAsyncResult asyncResult)
   在 System.Web.Mvc.Async.AsyncControllerActionInvoker.AsyncInvocationWithFilters.<InvokeActionMethodFilterAsynchronouslyRecursive>b__3d()
   在 System.Web.Mvc.Async.AsyncControllerActionInvoker.AsyncInvocationWithFilters.<>c__DisplayClass46.<InvokeActionMethodFilterAsynchronouslyRecursive>b__3f()
   在 System.Web.Mvc.Async.AsyncControllerActionInvoker.<>c__DisplayClass33.<BeginInvokeActionMethodWithFilters>b__32(IAsyncResult asyncResult)
   在 System.Web.Mvc.Async.AsyncResultWrapper.WrappedAsyncResult`1.CallEndDelegate(IAsyncResult asyncResult)
   在 System.Web.Mvc.Async.AsyncResultWrapper.WrappedAsyncResultBase`1.End()
   在 System.Web.Mvc.Async.AsyncControllerActionInvoker.EndInvokeActionMethodWithFilters(IAsyncResult asyncResult)
   在 System.Web.Mvc.Async.AsyncControllerActionInvoker.<>c__DisplayClass21.<>c__DisplayClass2b.<BeginInvokeAction>b__1c()
   在 System.Web.Mvc.Async.AsyncControllerActionInvoker.<>c__DisplayClass21.<BeginInvokeAction>b__1e(IAsyncResult asyncResult)
ClientConnectionId:72ef506b-7a1c-46ef-aaad-c8227bf6b9c4
Error Number:156,State:1,Class:15

[2018-06-05 13:44:50]    System.Data.SqlClient.SqlException (0x80131904): 关键字 'Where' 附近有语法错误。
   在 KGMFramework.WebApp.DALSQL.Asset_RegisterHead.createCode(String F_Id) 位置 d:\X 项目管理\G 固定资产管理(Web)\02.源代码\01.网站程序\KGMFramework.WebApp\KGMFramework.WebApp.Core\DAL\AssetManage\DALSQL\Asset_RegisterHead.cs:行号 331
   在 KGMFramework.WebApp.BLL.Asset_RegisterHead.createCode(String F_Id) 位置 d:\X 项目管理\G 固定资产管理(Web)\02.源代码\01.网站程序\KGMFramework.WebApp\KGMFramework.WebApp.Core\BLL\AssetManage\Asset_RegisterHead.cs:行号 58
   在 KGMFramework.WebApp.Areas.AssetManage.Controllers.AssetRegistrationController.createCode(String F_Id) 位置 d:\X 项目管理\G 固定资产管理(Web)\02.源代码\01.网站程序\KGMFramework.WebApp\KGMFramework.WebApp\Areas\AssetManage\Controllers\AssetRegistrationController.cs:行号 146
   在 lambda_method(Closure , ControllerBase , Object[] )
   在 System.Web.Mvc.ActionMethodDispatcher.Execute(ControllerBase controller, Object[] parameters)
   在 System.Web.Mvc.ReflectedActionDescriptor.Execute(ControllerContext controllerContext, IDictionary`2 parameters)
   在 System.Web.Mvc.ControllerActionInvoker.InvokeActionMethod(ControllerContext controllerContext, ActionDescriptor actionDescriptor, IDictionary`2 parameters)
   在 System.Web.Mvc.Async.AsyncControllerActionInvoker.<BeginInvokeSynchronousActionMethod>b__39(IAsyncResult asyncResult, ActionInvocation innerInvokeState)
   在 System.Web.Mvc.Async.AsyncResultWrapper.WrappedAsyncResult`2.CallEndDelegate(IAsyncResult asyncResult)
   在 System.Web.Mvc.Async.AsyncResultWrapper.WrappedAsyncResultBase`1.End()
   在 System.Web.Mvc.Async.AsyncControllerActionInvoker.EndInvokeActionMethod(IAsyncResult asyncResult)
   在 System.Web.Mvc.Async.AsyncControllerActionInvoker.AsyncInvocationWithFilters.<InvokeActionMethodFilterAsynchronouslyRecursive>b__3d()
   在 System.Web.Mvc.Async.AsyncControllerActionInvoker.AsyncInvocationWithFilters.<>c__DisplayClass46.<InvokeActionMethodFilterAsynchronouslyRecursive>b__3f()
   在 System.Web.Mvc.Async.AsyncControllerActionInvoker.<>c__DisplayClass33.<BeginInvokeActionMethodWithFilters>b__32(IAsyncResult asyncResult)
   在 System.Web.Mvc.Async.AsyncResultWrapper.WrappedAsyncResult`1.CallEndDelegate(IAsyncResult asyncResult)
   在 System.Web.Mvc.Async.AsyncResultWrapper.WrappedAsyncResultBase`1.End()
   在 System.Web.Mvc.Async.AsyncControllerActionInvoker.EndInvokeActionMethodWithFilters(IAsyncResult asyncResult)
   在 System.Web.Mvc.Async.AsyncControllerActionInvoker.<>c__DisplayClass21.<>c__DisplayClass2b.<BeginInvokeAction>b__1c()
   在 System.Web.Mvc.Async.AsyncControllerActionInvoker.<>c__DisplayClass21.<BeginInvokeAction>b__1e(IAsyncResult asyncResult)
ClientConnectionId:72ef506b-7a1c-46ef-aaad-c8227bf6b9c4
Error Number:156,State:1,Class:15

[2018-06-05 13:44:51]    System.Data.SqlClient.SqlException (0x80131904): 关键字 'Where' 附近有语法错误。
   在 KGMFramework.WebApp.DALSQL.Asset_RegisterHead.createCode(String F_Id) 位置 d:\X 项目管理\G 固定资产管理(Web)\02.源代码\01.网站程序\KGMFramework.WebApp\KGMFramework.WebApp.Core\DAL\AssetManage\DALSQL\Asset_RegisterHead.cs:行号 331
   在 KGMFramework.WebApp.BLL.Asset_RegisterHead.createCode(String F_Id) 位置 d:\X 项目管理\G 固定资产管理(Web)\02.源代码\01.网站程序\KGMFramework.WebApp\KGMFramework.WebApp.Core\BLL\AssetManage\Asset_RegisterHead.cs:行号 58
   在 KGMFramework.WebApp.Areas.AssetManage.Controllers.AssetRegistrationController.createCode(String F_Id) 位置 d:\X 项目管理\G 固定资产管理(Web)\02.源代码\01.网站程序\KGMFramework.WebApp\KGMFramework.WebApp\Areas\AssetManage\Controllers\AssetRegistrationController.cs:行号 146
   在 lambda_method(Closure , ControllerBase , Object[] )
   在 System.Web.Mvc.ActionMethodDispatcher.Execute(ControllerBase controller, Object[] parameters)
   在 System.Web.Mvc.ReflectedActionDescriptor.Execute(ControllerContext controllerContext, IDictionary`2 parameters)
   在 System.Web.Mvc.ControllerActionInvoker.InvokeActionMethod(ControllerContext controllerContext, ActionDescriptor actionDescriptor, IDictionary`2 parameters)
   在 System.Web.Mvc.Async.AsyncControllerActionInvoker.<BeginInvokeSynchronousActionMethod>b__39(IAsyncResult asyncResult, ActionInvocation innerInvokeState)
   在 System.Web.Mvc.Async.AsyncResultWrapper.WrappedAsyncResult`2.CallEndDelegate(IAsyncResult asyncResult)
   在 System.Web.Mvc.Async.AsyncResultWrapper.WrappedAsyncResultBase`1.End()
   在 System.Web.Mvc.Async.AsyncControllerActionInvoker.EndInvokeActionMethod(IAsyncResult asyncResult)
   在 System.Web.Mvc.Async.AsyncControllerActionInvoker.AsyncInvocationWithFilters.<InvokeActionMethodFilterAsynchronouslyRecursive>b__3d()
   在 System.Web.Mvc.Async.AsyncControllerActionInvoker.AsyncInvocationWithFilters.<>c__DisplayClass46.<InvokeActionMethodFilterAsynchronouslyRecursive>b__3f()
   在 System.Web.Mvc.Async.AsyncControllerActionInvoker.<>c__DisplayClass33.<BeginInvokeActionMethodWithFilters>b__32(IAsyncResult asyncResult)
   在 System.Web.Mvc.Async.AsyncResultWrapper.WrappedAsyncResult`1.CallEndDelegate(IAsyncResult asyncResult)
   在 System.Web.Mvc.Async.AsyncResultWrapper.WrappedAsyncResultBase`1.End()
   在 System.Web.Mvc.Async.AsyncControllerActionInvoker.EndInvokeActionMethodWithFilters(IAsyncResult asyncResult)
   在 System.Web.Mvc.Async.AsyncControllerActionInvoker.<>c__DisplayClass21.<>c__DisplayClass2b.<BeginInvokeAction>b__1c()
   在 System.Web.Mvc.Async.AsyncControllerActionInvoker.<>c__DisplayClass21.<BeginInvokeAction>b__1e(IAsyncResult asyncResult)
ClientConnectionId:72ef506b-7a1c-46ef-aaad-c8227bf6b9c4
Error Number:156,State:1,Class:15

[2018-06-05 13:44:51]    System.Data.SqlClient.SqlException (0x80131904): 关键字 'Where' 附近有语法错误。
   在 KGMFramework.WebApp.DALSQL.Asset_RegisterHead.createCode(String F_Id) 位置 d:\X 项目管理\G 固定资产管理(Web)\02.源代码\01.网站程序\KGMFramework.WebApp\KGMFramework.WebApp.Core\DAL\AssetManage\DALSQL\Asset_RegisterHead.cs:行号 331
   在 KGMFramework.WebApp.BLL.Asset_RegisterHead.createCode(String F_Id) 位置 d:\X 项目管理\G 固定资产管理(Web)\02.源代码\01.网站程序\KGMFramework.WebApp\KGMFramework.WebApp.Core\BLL\AssetManage\Asset_RegisterHead.cs:行号 58
   在 KGMFramework.WebApp.Areas.AssetManage.Controllers.AssetRegistrationController.createCode(String F_Id) 位置 d:\X 项目管理\G 固定资产管理(Web)\02.源代码\01.网站程序\KGMFramework.WebApp\KGMFramework.WebApp\Areas\AssetManage\Controllers\AssetRegistrationController.cs:行号 146
   在 lambda_method(Closure , ControllerBase , Object[] )
   在 System.Web.Mvc.ActionMethodDispatcher.Execute(ControllerBase controller, Object[] parameters)
   在 System.Web.Mvc.ReflectedActionDescriptor.Execute(ControllerContext controllerContext, IDictionary`2 parameters)
   在 System.Web.Mvc.ControllerActionInvoker.InvokeActionMethod(ControllerContext controllerContext, ActionDescriptor actionDescriptor, IDictionary`2 parameters)
   在 System.Web.Mvc.Async.AsyncControllerActionInvoker.<BeginInvokeSynchronousActionMethod>b__39(IAsyncResult asyncResult, ActionInvocation innerInvokeState)
   在 System.Web.Mvc.Async.AsyncResultWrapper.WrappedAsyncResult`2.CallEndDelegate(IAsyncResult asyncResult)
   在 System.Web.Mvc.Async.AsyncResultWrapper.WrappedAsyncResultBase`1.End()
   在 System.Web.Mvc.Async.AsyncControllerActionInvoker.EndInvokeActionMethod(IAsyncResult asyncResult)
   在 System.Web.Mvc.Async.AsyncControllerActionInvoker.AsyncInvocationWithFilters.<InvokeActionMethodFilterAsynchronouslyRecursive>b__3d()
   在 System.Web.Mvc.Async.AsyncControllerActionInvoker.AsyncInvocationWithFilters.<>c__DisplayClass46.<InvokeActionMethodFilterAsynchronouslyRecursive>b__3f()
   在 System.Web.Mvc.Async.AsyncControllerActionInvoker.<>c__DisplayClass33.<BeginInvokeActionMethodWithFilters>b__32(IAsyncResult asyncResult)
   在 System.Web.Mvc.Async.AsyncResultWrapper.WrappedAsyncResult`1.CallEndDelegate(IAsyncResult asyncResult)
   在 System.Web.Mvc.Async.AsyncResultWrapper.WrappedAsyncResultBase`1.End()
   在 System.Web.Mvc.Async.AsyncControllerActionInvoker.EndInvokeActionMethodWithFilters(IAsyncResult asyncResult)
   在 System.Web.Mvc.Async.AsyncControllerActionInvoker.<>c__DisplayClass21.<>c__DisplayClass2b.<BeginInvokeAction>b__1c()
   在 System.Web.Mvc.Async.AsyncControllerActionInvoker.<>c__DisplayClass21.<BeginInvokeAction>b__1e(IAsyncResult asyncResult)
ClientConnectionId:72ef506b-7a1c-46ef-aaad-c8227bf6b9c4
Error Number:156,State:1,Class:15

[2018-06-05 14:09:48]    System.Web.HttpException (0x80004005): 服务器无法在发送 HTTP 标头之后追加标头。
   在 System.Web.HttpResponse.AppendHeader(String name, String value)
   在 System.Web.HttpResponseWrapper.AddHeader(String name, String value)
   在 System.Web.Helpers.AntiXsrf.AntiForgeryWorker.GetFormInputElement(HttpContextBase httpContext)
   在 System.Web.Helpers.AntiForgery.GetHtml()
   在 System.Web.Mvc.HtmlHelper.AntiForgeryToken()
   在 ASP._Page_Views_Shared__Index_cshtml.Execute() 位置 d:\X 项目管理\G 固定资产管理(Web)\02.源代码\01.网站程序\KGMFramework.WebApp\KGMFramework.WebApp\Views\Shared\_Index.cshtml:行号 32
   在 System.Web.WebPages.WebPageBase.ExecutePageHierarchy()
   在 System.Web.Mvc.WebViewPage.ExecutePageHierarchy()
   在 System.Web.WebPages.WebPageBase.ExecutePageHierarchy(WebPageContext pageContext, TextWriter writer, WebPageRenderingBase startPage)
   在 System.Web.WebPages.WebPageBase.ExecutePageHierarchy(WebPageContext pageContext, TextWriter writer)
   在 System.Web.WebPages.WebPageBase.<>c__DisplayClass3.<RenderPageCore>b__2(TextWriter writer)
   在 System.Web.WebPages.HelperResult.WriteTo(TextWriter writer)
   在 System.Web.WebPages.WebPageExecutingBase.WriteTo(TextWriter writer, HelperResult content)
   在 System.Web.WebPages.WebPageBase.Write(HelperResult result)
   在 System.Web.WebPages.WebPageBase.RenderSurrounding(String partialViewName, Action`1 body)
   在 System.Web.WebPages.WebPageBase.PopContext()
   在 System.Web.WebPages.WebPageBase.ExecutePageHierarchy(WebPageContext pageContext, TextWriter writer, WebPageRenderingBase startPage)
   在 System.Web.Mvc.RazorView.RenderView(ViewContext viewContext, TextWriter writer, Object instance)
   在 System.Web.Mvc.BuildManagerCompiledView.Render(ViewContext viewContext, TextWriter writer)
   在 System.Web.Mvc.ViewResultBase.ExecuteResult(ControllerContext context)
   在 System.Web.Mvc.ControllerActionInvoker.InvokeActionResult(ControllerContext controllerContext, ActionResult actionResult)
   在 System.Web.Mvc.ControllerActionInvoker.InvokeActionResultFilterRecursive(IList`1 filters, Int32 filterIndex, ResultExecutingContext preContext, ControllerContext controllerContext, ActionResult actionResult)
   在 System.Web.Mvc.ControllerActionInvoker.InvokeActionResultFilterRecursive(IList`1 filters, Int32 filterIndex, ResultExecutingContext preContext, ControllerContext controllerContext, ActionResult actionResult)
   在 System.Web.Mvc.ControllerActionInvoker.InvokeActionResultWithFilters(ControllerContext controllerContext, IList`1 filters, ActionResult actionResult)
   在 System.Web.Mvc.Async.AsyncControllerActionInvoker.<>c__DisplayClass21.<>c__DisplayClass2b.<BeginInvokeAction>b__1c()
   在 System.Web.Mvc.Async.AsyncControllerActionInvoker.<>c__DisplayClass21.<BeginInvokeAction>b__1e(IAsyncResult asyncResult)

[2018-06-05 14:09:52]    System.Web.HttpException (0x80004005): 无法在发送 HTTP 标头之后进行重定向。
   在 System.Web.HttpResponse.Redirect(String url, Boolean endResponse, Boolean permanent)
   在 System.Web.HttpResponseWrapper.Redirect(String url, Boolean endResponse)
   在 System.Web.Mvc.RedirectToRouteResult.ExecuteResult(ControllerContext context)
   在 System.Web.Mvc.ControllerActionInvoker.InvokeActionResult(ControllerContext controllerContext, ActionResult actionResult)
   在 System.Web.Mvc.ControllerActionInvoker.InvokeActionResultFilterRecursive(IList`1 filters, Int32 filterIndex, ResultExecutingContext preContext, ControllerContext controllerContext, ActionResult actionResult)
   在 System.Web.Mvc.ControllerActionInvoker.InvokeActionResultFilterRecursive(IList`1 filters, Int32 filterIndex, ResultExecutingContext preContext, ControllerContext controllerContext, ActionResult actionResult)
   在 System.Web.Mvc.ControllerActionInvoker.InvokeActionResultWithFilters(ControllerContext controllerContext, IList`1 filters, ActionResult actionResult)
   在 System.Web.Mvc.Async.AsyncControllerActionInvoker.<>c__DisplayClass21.<>c__DisplayClass2b.<BeginInvokeAction>b__1c()
   在 System.Web.Mvc.Async.AsyncControllerActionInvoker.<>c__DisplayClass21.<BeginInvokeAction>b__1e(IAsyncResult asyncResult)

[2018-06-05 14:25:10]    System.Web.HttpException (0x80004005): 无法在发送 HTTP 标头之后进行重定向。
   在 System.Web.HttpResponse.Redirect(String url, Boolean endResponse, Boolean permanent)
   在 System.Web.HttpResponseWrapper.Redirect(String url, Boolean endResponse)
   在 System.Web.Mvc.RedirectToRouteResult.ExecuteResult(ControllerContext context)
   在 System.Web.Mvc.ControllerActionInvoker.InvokeActionResult(ControllerContext controllerContext, ActionResult actionResult)
   在 System.Web.Mvc.ControllerActionInvoker.InvokeActionResultFilterRecursive(IList`1 filters, Int32 filterIndex, ResultExecutingContext preContext, ControllerContext controllerContext, ActionResult actionResult)
   在 System.Web.Mvc.ControllerActionInvoker.InvokeActionResultFilterRecursive(IList`1 filters, Int32 filterIndex, ResultExecutingContext preContext, ControllerContext controllerContext, ActionResult actionResult)
   在 System.Web.Mvc.ControllerActionInvoker.InvokeActionResultWithFilters(ControllerContext controllerContext, IList`1 filters, ActionResult actionResult)
   在 System.Web.Mvc.Async.AsyncControllerActionInvoker.<>c__DisplayClass21.<>c__DisplayClass2b.<BeginInvokeAction>b__1c()
   在 System.Web.Mvc.Async.AsyncControllerActionInvoker.<>c__DisplayClass21.<BeginInvokeAction>b__1e(IAsyncResult asyncResult)

[2018-06-05 14:34:56]    System.Web.HttpException (0x80004005): 服务器无法在发送 HTTP 标头之后追加标头。
   在 System.Web.HttpResponse.AppendHeader(String name, String value)
   在 System.Web.HttpResponseWrapper.AddHeader(String name, String value)
   在 System.Web.Helpers.AntiXsrf.AntiForgeryWorker.GetFormInputElement(HttpContextBase httpContext)
   在 System.Web.Helpers.AntiForgery.GetHtml()
   在 System.Web.Mvc.HtmlHelper.AntiForgeryToken()
   在 ASP._Page_Views_Shared__Index_cshtml.Execute() 位置 d:\X 项目管理\G 固定资产管理(Web)\02.源代码\01.网站程序\KGMFramework.WebApp\KGMFramework.WebApp\Views\Shared\_Index.cshtml:行号 32
   在 System.Web.WebPages.WebPageBase.ExecutePageHierarchy()
   在 System.Web.Mvc.WebViewPage.ExecutePageHierarchy()
   在 System.Web.WebPages.WebPageBase.ExecutePageHierarchy(WebPageContext pageContext, TextWriter writer, WebPageRenderingBase startPage)
   在 System.Web.WebPages.WebPageBase.ExecutePageHierarchy(WebPageContext pageContext, TextWriter writer)
   在 System.Web.WebPages.WebPageBase.<>c__DisplayClass3.<RenderPageCore>b__2(TextWriter writer)
   在 System.Web.WebPages.HelperResult.WriteTo(TextWriter writer)
   在 System.Web.WebPages.WebPageExecutingBase.WriteTo(TextWriter writer, HelperResult content)
   在 System.Web.WebPages.WebPageBase.Write(HelperResult result)
   在 System.Web.WebPages.WebPageBase.RenderSurrounding(String partialViewName, Action`1 body)
   在 System.Web.WebPages.WebPageBase.PopContext()
   在 System.Web.WebPages.WebPageBase.ExecutePageHierarchy(WebPageContext pageContext, TextWriter writer, WebPageRenderingBase startPage)
   在 System.Web.Mvc.RazorView.RenderView(ViewContext viewContext, TextWriter writer, Object instance)
   在 System.Web.Mvc.BuildManagerCompiledView.Render(ViewContext viewContext, TextWriter writer)
   在 System.Web.Mvc.ViewResultBase.ExecuteResult(ControllerContext context)
   在 System.Web.Mvc.ControllerActionInvoker.InvokeActionResult(ControllerContext controllerContext, ActionResult actionResult)
   在 System.Web.Mvc.ControllerActionInvoker.InvokeActionResultFilterRecursive(IList`1 filters, Int32 filterIndex, ResultExecutingContext preContext, ControllerContext controllerContext, ActionResult actionResult)
   在 System.Web.Mvc.ControllerActionInvoker.InvokeActionResultFilterRecursive(IList`1 filters, Int32 filterIndex, ResultExecutingContext preContext, ControllerContext controllerContext, ActionResult actionResult)
   在 System.Web.Mvc.ControllerActionInvoker.InvokeActionResultWithFilters(ControllerContext controllerContext, IList`1 filters, ActionResult actionResult)
   在 System.Web.Mvc.Async.AsyncControllerActionInvoker.<>c__DisplayClass21.<>c__DisplayClass2b.<BeginInvokeAction>b__1c()
   在 System.Web.Mvc.Async.AsyncControllerActionInvoker.<>c__DisplayClass21.<BeginInvokeAction>b__1e(IAsyncResult asyncResult)

[2018-06-05 14:40:20]    System.Web.HttpException (0x80004005): 无法在发送 HTTP 标头之后进行重定向。
   在 System.Web.HttpResponse.Redirect(String url, Boolean endResponse, Boolean permanent)
   在 System.Web.HttpResponseWrapper.Redirect(String url, Boolean endResponse)
   在 System.Web.Mvc.RedirectToRouteResult.ExecuteResult(ControllerContext context)
   在 System.Web.Mvc.ControllerActionInvoker.InvokeActionResult(ControllerContext controllerContext, ActionResult actionResult)
   在 System.Web.Mvc.ControllerActionInvoker.InvokeActionResultFilterRecursive(IList`1 filters, Int32 filterIndex, ResultExecutingContext preContext, ControllerContext controllerContext, ActionResult actionResult)
   在 System.Web.Mvc.ControllerActionInvoker.InvokeActionResultFilterRecursive(IList`1 filters, Int32 filterIndex, ResultExecutingContext preContext, ControllerContext controllerContext, ActionResult actionResult)
   在 System.Web.Mvc.ControllerActionInvoker.InvokeActionResultWithFilters(ControllerContext controllerContext, IList`1 filters, ActionResult actionResult)
   在 System.Web.Mvc.Async.AsyncControllerActionInvoker.<>c__DisplayClass21.<>c__DisplayClass2b.<BeginInvokeAction>b__1c()
   在 System.Web.Mvc.Async.AsyncControllerActionInvoker.<>c__DisplayClass21.<BeginInvokeAction>b__1e(IAsyncResult asyncResult)

[2018-06-05 14:45:05]    System.NullReferenceException: 未将对象引用设置到对象的实例。
   在 KGMFramework.WebApp.Areas.AssetManage.Controllers.AssetRegistrationController.Form() 位置 d:\X 项目管理\G 固定资产管理(Web)\02.源代码\01.网站程序\KGMFramework.WebApp\KGMFramework.WebApp\Areas\AssetManage\Controllers\AssetRegistrationController.cs:行号 23
   在 lambda_method(Closure , ControllerBase , Object[] )
   在 System.Web.Mvc.ActionMethodDispatcher.Execute(ControllerBase controller, Object[] parameters)
   在 System.Web.Mvc.ReflectedActionDescriptor.Execute(ControllerContext controllerContext, IDictionary`2 parameters)
   在 System.Web.Mvc.ControllerActionInvoker.InvokeActionMethod(ControllerContext controllerContext, ActionDescriptor actionDescriptor, IDictionary`2 parameters)
   在 System.Web.Mvc.Async.AsyncControllerActionInvoker.ActionInvocation.InvokeSynchronousActionMethod()
   在 System.Web.Mvc.Async.AsyncControllerActionInvoker.<BeginInvokeSynchronousActionMethod>b__39(IAsyncResult asyncResult, ActionInvocation innerInvokeState)
   在 System.Web.Mvc.Async.AsyncResultWrapper.WrappedAsyncResult`2.CallEndDelegate(IAsyncResult asyncResult)
   在 System.Web.Mvc.Async.AsyncResultWrapper.WrappedAsyncResultBase`1.End()
   在 System.Web.Mvc.Async.AsyncResultWrapper.End[TResult](IAsyncResult asyncResult, Object tag)
   在 System.Web.Mvc.Async.AsyncControllerActionInvoker.EndInvokeActionMethod(IAsyncResult asyncResult)
   在 System.Web.Mvc.Async.AsyncControllerActionInvoker.AsyncInvocationWithFilters.<InvokeActionMethodFilterAsynchronouslyRecursive>b__3d()
   在 System.Web.Mvc.Async.AsyncControllerActionInvoker.AsyncInvocationWithFilters.<>c__DisplayClass46.<InvokeActionMethodFilterAsynchronouslyRecursive>b__3f()
   在 System.Web.Mvc.Async.AsyncControllerActionInvoker.<>c__DisplayClass33.<BeginInvokeActionMethodWithFilters>b__32(IAsyncResult asyncResult)
   在 System.Web.Mvc.Async.AsyncResultWrapper.WrappedAsyncResult`1.CallEndDelegate(IAsyncResult asyncResult)
   在 System.Web.Mvc.Async.AsyncResultWrapper.WrappedAsyncResultBase`1.End()
   在 System.Web.Mvc.Async.AsyncResultWrapper.End[TResult](IAsyncResult asyncResult, Object tag)
   在 System.Web.Mvc.Async.AsyncControllerActionInvoker.EndInvokeActionMethodWithFilters(IAsyncResult asyncResult)
   在 System.Web.Mvc.Async.AsyncControllerActionInvoker.<>c__DisplayClass21.<>c__DisplayClass2b.<BeginInvokeAction>b__1c()
   在 System.Web.Mvc.Async.AsyncControllerActionInvoker.<>c__DisplayClass21.<BeginInvokeAction>b__1e(IAsyncResult asyncResult)

[2018-06-05 15:10:00]    System.Web.HttpException (0x80004005): 无法在发送 HTTP 标头之后进行重定向。
   在 System.Web.HttpResponse.Redirect(String url, Boolean endResponse, Boolean permanent)
   在 System.Web.HttpResponseWrapper.Redirect(String url, Boolean endResponse)
   在 System.Web.Mvc.RedirectToRouteResult.ExecuteResult(ControllerContext context)
   在 System.Web.Mvc.ControllerActionInvoker.InvokeActionResult(ControllerContext controllerContext, ActionResult actionResult)
   在 System.Web.Mvc.ControllerActionInvoker.InvokeActionResultFilterRecursive(IList`1 filters, Int32 filterIndex, ResultExecutingContext preContext, ControllerContext controllerContext, ActionResult actionResult)
   在 System.Web.Mvc.ControllerActionInvoker.InvokeActionResultFilterRecursive(IList`1 filters, Int32 filterIndex, ResultExecutingContext preContext, ControllerContext controllerContext, ActionResult actionResult)
   在 System.Web.Mvc.ControllerActionInvoker.InvokeActionResultWithFilters(ControllerContext controllerContext, IList`1 filters, ActionResult actionResult)
   在 System.Web.Mvc.Async.AsyncControllerActionInvoker.<>c__DisplayClass21.<>c__DisplayClass2b.<BeginInvokeAction>b__1c()
   在 System.Web.Mvc.Async.AsyncControllerActionInvoker.<>c__DisplayClass21.<BeginInvokeAction>b__1e(IAsyncResult asyncResult)

[2018-06-05 15:13:04]    System.Web.HttpException (0x80004005): 无法在发送 HTTP 标头之后进行重定向。
   在 System.Web.HttpResponse.Redirect(String url, Boolean endResponse, Boolean permanent)
   在 System.Web.HttpResponseWrapper.Redirect(String url, Boolean endResponse)
   在 System.Web.Mvc.RedirectToRouteResult.ExecuteResult(ControllerContext context)
   在 System.Web.Mvc.ControllerActionInvoker.InvokeActionResult(ControllerContext controllerContext, ActionResult actionResult)
   在 System.Web.Mvc.ControllerActionInvoker.InvokeActionResultFilterRecursive(IList`1 filters, Int32 filterIndex, ResultExecutingContext preContext, ControllerContext controllerContext, ActionResult actionResult)
   在 System.Web.Mvc.ControllerActionInvoker.InvokeActionResultFilterRecursive(IList`1 filters, Int32 filterIndex, ResultExecutingContext preContext, ControllerContext controllerContext, ActionResult actionResult)
   在 System.Web.Mvc.ControllerActionInvoker.InvokeActionResultWithFilters(ControllerContext controllerContext, IList`1 filters, ActionResult actionResult)
   在 System.Web.Mvc.Async.AsyncControllerActionInvoker.<>c__DisplayClass21.<>c__DisplayClass2b.<BeginInvokeAction>b__1c()
   在 System.Web.Mvc.Async.AsyncControllerActionInvoker.<>c__DisplayClass21.<BeginInvokeAction>b__1e(IAsyncResult asyncResult)

[2018-06-05 15:15:23]    System.Web.HttpException (0x80004005): 无法在发送 HTTP 标头之后进行重定向。
   在 System.Web.HttpResponse.Redirect(String url, Boolean endResponse, Boolean permanent)
   在 System.Web.HttpResponseWrapper.Redirect(String url, Boolean endResponse)
   在 System.Web.Mvc.RedirectToRouteResult.ExecuteResult(ControllerContext context)
   在 System.Web.Mvc.ControllerActionInvoker.InvokeActionResult(ControllerContext controllerContext, ActionResult actionResult)
   在 System.Web.Mvc.ControllerActionInvoker.InvokeActionResultFilterRecursive(IList`1 filters, Int32 filterIndex, ResultExecutingContext preContext, ControllerContext controllerContext, ActionResult actionResult)
   在 System.Web.Mvc.ControllerActionInvoker.InvokeActionResultFilterRecursive(IList`1 filters, Int32 filterIndex, ResultExecutingContext preContext, ControllerContext controllerContext, ActionResult actionResult)
   在 System.Web.Mvc.ControllerActionInvoker.InvokeActionResultWithFilters(ControllerContext controllerContext, IList`1 filters, ActionResult actionResult)
   在 System.Web.Mvc.Async.AsyncControllerActionInvoker.<>c__DisplayClass21.<>c__DisplayClass2b.<BeginInvokeAction>b__1c()
   在 System.Web.Mvc.Async.AsyncControllerActionInvoker.<>c__DisplayClass21.<BeginInvokeAction>b__1e(IAsyncResult asyncResult)

[2018-06-05 15:15:51]    System.Data.SqlClient.SqlException (0x80131904): 'F_HId' 附近有语法错误。
')' 附近有语法错误。
   在 System.Data.SqlClient.SqlConnection.OnError(SqlException exception, Boolean breakConnection, Action`1 wrapCloseInAction)
   在 System.Data.SqlClient.SqlInternalConnection.OnError(SqlException exception, Boolean breakConnection, Action`1 wrapCloseInAction)
   在 System.Data.SqlClient.TdsParser.ThrowExceptionAndWarning(TdsParserStateObject stateObj, Boolean callerHasConnectionLock, Boolean asyncClose)
   在 System.Data.SqlClient.TdsParser.TryRun(RunBehavior runBehavior, SqlCommand cmdHandler, SqlDataReader dataStream, BulkCopySimpleResultSet bulkCopyHandler, TdsParserStateObject stateObj, Boolean& dataReady)
   在 System.Data.SqlClient.SqlDataReader.TryConsumeMetaData()
   在 System.Data.SqlClient.SqlDataReader.get_MetaData()
   在 System.Data.SqlClient.SqlCommand.FinishExecuteReader(SqlDataReader ds, RunBehavior runBehavior, String resetOptionsString, Boolean isInternal, Boolean forDescribeParameterEncryption)
   在 System.Data.SqlClient.SqlCommand.RunExecuteReaderTds(CommandBehavior cmdBehavior, RunBehavior runBehavior, Boolean returnStream, Boolean async, Int32 timeout, Task& task, Boolean asyncWrite, Boolean inRetry, SqlDataReader ds, Boolean describeParameterEncryptionRequest)
   在 System.Data.SqlClient.SqlCommand.RunExecuteReader(CommandBehavior cmdBehavior, RunBehavior runBehavior, Boolean returnStream, String method, TaskCompletionSource`1 completion, Int32 timeout, Task& task, Boolean& usedCache, Boolean asyncWrite, Boolean inRetry)
   在 System.Data.SqlClient.SqlCommand.RunExecuteReader(CommandBehavior cmdBehavior, RunBehavior runBehavior, Boolean returnStream, String method)
   在 System.Data.SqlClient.SqlCommand.ExecuteReader(CommandBehavior behavior, String method)
   在 System.Data.SqlClient.SqlCommand.ExecuteDbDataReader(CommandBehavior behavior)
   在 System.Data.Common.DbCommand.System.Data.IDbCommand.ExecuteReader(CommandBehavior behavior)
   在 System.Data.Common.DbDataAdapter.FillInternal(DataSet dataset, DataTable[] datatables, Int32 startRecord, Int32 maxRecords, String srcTable, IDbCommand command, CommandBehavior behavior)
   在 System.Data.Common.DbDataAdapter.Fill(DataSet dataSet, Int32 startRecord, Int32 maxRecords, String srcTable, IDbCommand command, CommandBehavior behavior)
   在 System.Data.Common.DbDataAdapter.Fill(DataSet dataSet)
   在 Microsoft.Practices.EnterpriseLibrary.Data.Database.DoLoadDataSet(IDbCommand command, DataSet dataSet, String[] tableNames)
   在 Microsoft.Practices.EnterpriseLibrary.Data.Database.LoadDataSet(DbCommand command, DataSet dataSet, String[] tableNames)
   在 Microsoft.Practices.EnterpriseLibrary.Data.Database.LoadDataSet(DbCommand command, DataSet dataSet, String tableName)
   在 Microsoft.Practices.EnterpriseLibrary.Data.Database.ExecuteDataSet(DbCommand command)
   在 KGM.Framework.ControlUtil.AbstractBaseDAL`1.ExecuteDataSetByProc(String spName, ICollection paramList, DbTransaction trans)
   在 KGMFramework.WebApp.DALSQL.AppCommon.GetTreeInfo(TreeInfoEntity entity) 位置 d:\X 项目管理\G 固定资产管理(Web)\02.源代码\01.网站程序\KGMFramework.WebApp\KGMFramework.WebApp.Core\DAL\AppCommon\AppCommon.cs:行号 37
   在 KGMFramework.WebApp.BLL.AppCommon.GetTreeInfo(TreeInfoEntity entity) 位置 d:\X 项目管理\G 固定资产管理(Web)\02.源代码\01.网站程序\KGMFramework.WebApp\KGMFramework.WebApp.Core\BLL\AppCommon\AppCommon.cs:行号 33
   在 KGMFramework.WebApp.Areas.AssetManage.Controllers.AssetRegistrationBodyController.GetTreeGrid(String Id, String orderBy) 位置 d:\X 项目管理\G 固定资产管理(Web)\02.源代码\01.网站程序\KGMFramework.WebApp\KGMFramework.WebApp\Areas\AssetManage\Controllers\AssetRegistrationBodyController.cs:行号 41
   在 lambda_method(Closure , ControllerBase , Object[] )
   在 System.Web.Mvc.ActionMethodDispatcher.Execute(ControllerBase controller, Object[] parameters)
   在 System.Web.Mvc.ReflectedActionDescriptor.Execute(ControllerContext controllerContext, IDictionary`2 parameters)
   在 System.Web.Mvc.ControllerActionInvoker.InvokeActionMethod(ControllerContext controllerContext, ActionDescriptor actionDescriptor, IDictionary`2 parameters)
   在 System.Web.Mvc.Async.AsyncControllerActionInvoker.ActionInvocation.InvokeSynchronousActionMethod()
   在 System.Web.Mvc.Async.AsyncControllerActionInvoker.<BeginInvokeSynchronousActionMethod>b__39(IAsyncResult asyncResult, ActionInvocation innerInvokeState)
   在 System.Web.Mvc.Async.AsyncResultWrapper.WrappedAsyncResult`2.CallEndDelegate(IAsyncResult asyncResult)
   在 System.Web.Mvc.Async.AsyncResultWrapper.WrappedAsyncResultBase`1.End()
   在 System.Web.Mvc.Async.AsyncResultWrapper.End[TResult](IAsyncResult asyncResult, Object tag)
   在 System.Web.Mvc.Async.AsyncControllerActionInvoker.EndInvokeActionMethod(IAsyncResult asyncResult)
   在 System.Web.Mvc.Async.AsyncControllerActionInvoker.AsyncInvocationWithFilters.<InvokeActionMethodFilterAsynchronouslyRecursive>b__3d()
   在 System.Web.Mvc.Async.AsyncControllerActionInvoker.AsyncInvocationWithFilters.<>c__DisplayClass46.<InvokeActionMethodFilterAsynchronouslyRecursive>b__3f()
   在 System.Web.Mvc.Async.AsyncControllerActionInvoker.<>c__DisplayClass33.<BeginInvokeActionMethodWithFilters>b__32(IAsyncResult asyncResult)
   在 System.Web.Mvc.Async.AsyncResultWrapper.WrappedAsyncResult`1.CallEndDelegate(IAsyncResult asyncResult)
   在 System.Web.Mvc.Async.AsyncResultWrapper.WrappedAsyncResultBase`1.End()
   在 System.Web.Mvc.Async.AsyncResultWrapper.End[TResult](IAsyncResult asyncResult, Object tag)
   在 System.Web.Mvc.Async.AsyncControllerActionInvoker.EndInvokeActionMethodWithFilters(IAsyncResult asyncResult)
   在 System.Web.Mvc.Async.AsyncControllerActionInvoker.<>c__DisplayClass21.<>c__DisplayClass2b.<BeginInvokeAction>b__1c()
   在 System.Web.Mvc.Async.AsyncControllerActionInvoker.<>c__DisplayClass21.<BeginInvokeAction>b__1e(IAsyncResult asyncResult)
ClientConnectionId:061f2104-dd6f-4eac-a571-32dab6bfeb97
Error Number:102,State:1,Class:15

[2018-06-05 15:16:34]    System.Web.HttpException (0x80004005): 无法在发送 HTTP 标头之后进行重定向。
   在 System.Web.HttpResponse.Redirect(String url, Boolean endResponse, Boolean permanent)
   在 System.Web.HttpResponseWrapper.Redirect(String url, Boolean endResponse)
   在 System.Web.Mvc.RedirectToRouteResult.ExecuteResult(ControllerContext context)
   在 System.Web.Mvc.ControllerActionInvoker.InvokeActionResult(ControllerContext controllerContext, ActionResult actionResult)
   在 System.Web.Mvc.ControllerActionInvoker.InvokeActionResultFilterRecursive(IList`1 filters, Int32 filterIndex, ResultExecutingContext preContext, ControllerContext controllerContext, ActionResult actionResult)
   在 System.Web.Mvc.ControllerActionInvoker.InvokeActionResultFilterRecursive(IList`1 filters, Int32 filterIndex, ResultExecutingContext preContext, ControllerContext controllerContext, ActionResult actionResult)
   在 System.Web.Mvc.ControllerActionInvoker.InvokeActionResultWithFilters(ControllerContext controllerContext, IList`1 filters, ActionResult actionResult)
   在 System.Web.Mvc.Async.AsyncControllerActionInvoker.<>c__DisplayClass21.<>c__DisplayClass2b.<BeginInvokeAction>b__1c()
   在 System.Web.Mvc.Async.AsyncControllerActionInvoker.<>c__DisplayClass21.<BeginInvokeAction>b__1e(IAsyncResult asyncResult)

[2018-06-05 15:21:02]    System.Web.HttpException (0x80004005): 无法在发送 HTTP 标头之后进行重定向。
   在 System.Web.HttpResponse.Redirect(String url, Boolean endResponse, Boolean permanent)
   在 System.Web.HttpResponseWrapper.Redirect(String url, Boolean endResponse)
   在 System.Web.Mvc.RedirectToRouteResult.ExecuteResult(ControllerContext context)
   在 System.Web.Mvc.ControllerActionInvoker.InvokeActionResult(ControllerContext controllerContext, ActionResult actionResult)
   在 System.Web.Mvc.ControllerActionInvoker.InvokeActionResultFilterRecursive(IList`1 filters, Int32 filterIndex, ResultExecutingContext preContext, ControllerContext controllerContext, ActionResult actionResult)
   在 System.Web.Mvc.ControllerActionInvoker.InvokeActionResultFilterRecursive(IList`1 filters, Int32 filterIndex, ResultExecutingContext preContext, ControllerContext controllerContext, ActionResult actionResult)
   在 System.Web.Mvc.ControllerActionInvoker.InvokeActionResultWithFilters(ControllerContext controllerContext, IList`1 filters, ActionResult actionResult)
   在 System.Web.Mvc.Async.AsyncControllerActionInvoker.<>c__DisplayClass21.<>c__DisplayClass2b.<BeginInvokeAction>b__1c()
   在 System.Web.Mvc.Async.AsyncControllerActionInvoker.<>c__DisplayClass21.<BeginInvokeAction>b__1e(IAsyncResult asyncResult)

[2018-06-05 15:21:51]    Newtonsoft.Json.JsonSerializationException: Error converting value {null} to type 'System.DateTime'. Path '[0].F_Ddate', line 1, position 337. ---> System.InvalidCastException: 空对象不能转换为值类型。
   在 System.Convert.ChangeType(Object value, Type conversionType, IFormatProvider provider)
   在 Newtonsoft.Json.Serialization.JsonSerializerInternalReader.EnsureType(JsonReader reader, Object value, CultureInfo culture, JsonContract contract, Type targetType)
   --- 内部异常堆栈跟踪的结尾 ---
   在 Newtonsoft.Json.Serialization.JsonSerializerInternalReader.EnsureType(JsonReader reader, Object value, CultureInfo culture, JsonContract contract, Type targetType)
   在 Newtonsoft.Json.Serialization.JsonSerializerInternalReader.CreateValueInternal(JsonReader reader, Type objectType, JsonContract contract, JsonProperty member, JsonContainerContract containerContract, JsonProperty containerMember, Object existingValue)
   在 Newtonsoft.Json.Serialization.JsonSerializerInternalReader.SetPropertyValue(JsonProperty property, JsonConverter propertyConverter, JsonContainerContract containerContract, JsonProperty containerProperty, JsonReader reader, Object target)
   在 Newtonsoft.Json.Serialization.JsonSerializerInternalReader.PopulateObject(Object newObject, JsonReader reader, JsonObjectContract contract, JsonProperty member, String id)
   在 Newtonsoft.Json.Serialization.JsonSerializerInternalReader.CreateObject(JsonReader reader, Type objectType, JsonContract contract, JsonProperty member, JsonContainerContract containerContract, JsonProperty containerMember, Object existingValue)
   在 Newtonsoft.Json.Serialization.JsonSerializerInternalReader.CreateValueInternal(JsonReader reader, Type objectType, JsonContract contract, JsonProperty member, JsonContainerContract containerContract, JsonProperty containerMember, Object existingValue)
   在 Newtonsoft.Json.Serialization.JsonSerializerInternalReader.PopulateList(IList list, JsonReader reader, JsonArrayContract contract, JsonProperty containerProperty, String id)
   在 Newtonsoft.Json.Serialization.JsonSerializerInternalReader.CreateList(JsonReader reader, Type objectType, JsonContract contract, JsonProperty member, Object existingValue, String id)
   在 Newtonsoft.Json.Serialization.JsonSerializerInternalReader.CreateValueInternal(JsonReader reader, Type objectType, JsonContract contract, JsonProperty member, JsonContainerContract containerContract, JsonProperty containerMember, Object existingValue)
   在 Newtonsoft.Json.Serialization.JsonSerializerInternalReader.Deserialize(JsonReader reader, Type objectType, Boolean checkAdditionalContent)
   在 Newtonsoft.Json.JsonSerializer.DeserializeInternal(JsonReader reader, Type objectType)
   在 Newtonsoft.Json.JsonSerializer.Deserialize(JsonReader reader, Type objectType)
   在 Newtonsoft.Json.JsonConvert.DeserializeObject(String value, Type type, JsonSerializerSettings settings)
   在 Newtonsoft.Json.JsonConvert.DeserializeObject[T](String value, JsonSerializerSettings settings)
   在 Newtonsoft.Json.JsonConvert.DeserializeObject[T](String value)
   在 KGMFramework.WebApp.Library.JsonAppHelper.ToList[T](String Json) 位置 d:\X 项目管理\G 固定资产管理(Web)\02.源代码\01.网站程序\KGMFramework.WebApp\KGMFramework.WebApp.Library\Json\JsonAppHelper.cs:行号 69
   在 KGMFramework.WebApp.Areas.AssetManage.Controllers.AssetRegistrationBodyController.GetTreeGrid(String Id, String orderBy) 位置 d:\X 项目管理\G 固定资产管理(Web)\02.源代码\01.网站程序\KGMFramework.WebApp\KGMFramework.WebApp\Areas\AssetManage\Controllers\AssetRegistrationBodyController.cs:行号 43
   在 lambda_method(Closure , ControllerBase , Object[] )
   在 System.Web.Mvc.ActionMethodDispatcher.Execute(ControllerBase controller, Object[] parameters)
   在 System.Web.Mvc.ReflectedActionDescriptor.Execute(ControllerContext controllerContext, IDictionary`2 parameters)
   在 System.Web.Mvc.ControllerActionInvoker.InvokeActionMethod(ControllerContext controllerContext, ActionDescriptor actionDescriptor, IDictionary`2 parameters)
   在 System.Web.Mvc.Async.AsyncControllerActionInvoker.ActionInvocation.InvokeSynchronousActionMethod()
   在 System.Web.Mvc.Async.AsyncControllerActionInvoker.<BeginInvokeSynchronousActionMethod>b__39(IAsyncResult asyncResult, ActionInvocation innerInvokeState)
   在 System.Web.Mvc.Async.AsyncResultWrapper.WrappedAsyncResult`2.CallEndDelegate(IAsyncResult asyncResult)
   在 System.Web.Mvc.Async.AsyncResultWrapper.WrappedAsyncResultBase`1.End()
   在 System.Web.Mvc.Async.AsyncResultWrapper.End[TResult](IAsyncResult asyncResult, Object tag)
   在 System.Web.Mvc.Async.AsyncControllerActionInvoker.EndInvokeActionMethod(IAsyncResult asyncResult)
   在 System.Web.Mvc.Async.AsyncControllerActionInvoker.AsyncInvocationWithFilters.<InvokeActionMethodFilterAsynchronouslyRecursive>b__3d()
   在 System.Web.Mvc.Async.AsyncControllerActionInvoker.AsyncInvocationWithFilters.<>c__DisplayClass46.<InvokeActionMethodFilterAsynchronouslyRecursive>b__3f()
   在 System.Web.Mvc.Async.AsyncControllerActionInvoker.<>c__DisplayClass33.<BeginInvokeActionMethodWithFilters>b__32(IAsyncResult asyncResult)
   在 System.Web.Mvc.Async.AsyncResultWrapper.WrappedAsyncResult`1.CallEndDelegate(IAsyncResult asyncResult)
   在 System.Web.Mvc.Async.AsyncResultWrapper.WrappedAsyncResultBase`1.End()
   在 System.Web.Mvc.Async.AsyncResultWrapper.End[TResult](IAsyncResult asyncResult, Object tag)
   在 System.Web.Mvc.Async.AsyncControllerActionInvoker.EndInvokeActionMethodWithFilters(IAsyncResult asyncResult)
   在 System.Web.Mvc.Async.AsyncControllerActionInvoker.<>c__DisplayClass21.<>c__DisplayClass2b.<BeginInvokeAction>b__1c()
   在 System.Web.Mvc.Async.AsyncControllerActionInvoker.<>c__DisplayClass21.<BeginInvokeAction>b__1e(IAsyncResult asyncResult)

[2018-06-05 15:34:28]    System.Web.HttpException (0x80004005): 无法在发送 HTTP 标头之后进行重定向。
   在 System.Web.HttpResponse.Redirect(String url, Boolean endResponse, Boolean permanent)
   在 System.Web.HttpResponseWrapper.Redirect(String url, Boolean endResponse)
   在 System.Web.Mvc.RedirectToRouteResult.ExecuteResult(ControllerContext context)
   在 System.Web.Mvc.ControllerActionInvoker.InvokeActionResult(ControllerContext controllerContext, ActionResult actionResult)
   在 System.Web.Mvc.ControllerActionInvoker.InvokeActionResultFilterRecursive(IList`1 filters, Int32 filterIndex, ResultExecutingContext preContext, ControllerContext controllerContext, ActionResult actionResult)
   在 System.Web.Mvc.ControllerActionInvoker.InvokeActionResultFilterRecursive(IList`1 filters, Int32 filterIndex, ResultExecutingContext preContext, ControllerContext controllerContext, ActionResult actionResult)
   在 System.Web.Mvc.ControllerActionInvoker.InvokeActionResultWithFilters(ControllerContext controllerContext, IList`1 filters, ActionResult actionResult)
   在 System.Web.Mvc.Async.AsyncControllerActionInvoker.<>c__DisplayClass21.<>c__DisplayClass2b.<BeginInvokeAction>b__1c()
   在 System.Web.Mvc.Async.AsyncControllerActionInvoker.<>c__DisplayClass21.<BeginInvokeAction>b__1e(IAsyncResult asyncResult)

[2018-06-05 15:34:28]    System.Web.HttpException (0x80004005): 无法在发送 HTTP 标头之后进行重定向。
   在 System.Web.HttpResponse.Redirect(String url, Boolean endResponse, Boolean permanent)
   在 System.Web.HttpResponseWrapper.Redirect(String url, Boolean endResponse)
   在 System.Web.Mvc.RedirectToRouteResult.ExecuteResult(ControllerContext context)
   在 System.Web.Mvc.ControllerActionInvoker.InvokeActionResult(ControllerContext controllerContext, ActionResult actionResult)
   在 System.Web.Mvc.ControllerActionInvoker.InvokeActionResultFilterRecursive(IList`1 filters, Int32 filterIndex, ResultExecutingContext preContext, ControllerContext controllerContext, ActionResult actionResult)
   在 System.Web.Mvc.ControllerActionInvoker.InvokeActionResultFilterRecursive(IList`1 filters, Int32 filterIndex, ResultExecutingContext preContext, ControllerContext controllerContext, ActionResult actionResult)
   在 System.Web.Mvc.ControllerActionInvoker.InvokeActionResultWithFilters(ControllerContext controllerContext, IList`1 filters, ActionResult actionResult)
   在 System.Web.Mvc.Async.AsyncControllerActionInvoker.<>c__DisplayClass21.<>c__DisplayClass2b.<BeginInvokeAction>b__1c()
   在 System.Web.Mvc.Async.AsyncControllerActionInvoker.<>c__DisplayClass21.<BeginInvokeAction>b__1e(IAsyncResult asyncResult)

[2018-06-05 15:44:19]    System.Web.HttpException (0x80004005): 无法在发送 HTTP 标头之后进行重定向。
   在 System.Web.HttpResponse.Redirect(String url, Boolean endResponse, Boolean permanent)
   在 System.Web.HttpResponseWrapper.Redirect(String url, Boolean endResponse)
   在 System.Web.Mvc.RedirectToRouteResult.ExecuteResult(ControllerContext context)
   在 System.Web.Mvc.ControllerActionInvoker.InvokeActionResult(ControllerContext controllerContext, ActionResult actionResult)
   在 System.Web.Mvc.ControllerActionInvoker.InvokeActionResultFilterRecursive(IList`1 filters, Int32 filterIndex, ResultExecutingContext preContext, ControllerContext controllerContext, ActionResult actionResult)
   在 System.Web.Mvc.ControllerActionInvoker.InvokeActionResultFilterRecursive(IList`1 filters, Int32 filterIndex, ResultExecutingContext preContext, ControllerContext controllerContext, ActionResult actionResult)
   在 System.Web.Mvc.ControllerActionInvoker.InvokeActionResultWithFilters(ControllerContext controllerContext, IList`1 filters, ActionResult actionResult)
   在 System.Web.Mvc.Async.AsyncControllerActionInvoker.<>c__DisplayClass21.<>c__DisplayClass2b.<BeginInvokeAction>b__1c()
   在 System.Web.Mvc.Async.AsyncControllerActionInvoker.<>c__DisplayClass21.<BeginInvokeAction>b__1e(IAsyncResult asyncResult)

[2018-06-05 16:06:36]    System.Web.HttpException (0x80004005): 无法在发送 HTTP 标头之后进行重定向。
   在 System.Web.HttpResponse.Redirect(String url, Boolean endResponse, Boolean permanent)
   在 System.Web.HttpResponseWrapper.Redirect(String url, Boolean endResponse)
   在 System.Web.Mvc.RedirectToRouteResult.ExecuteResult(ControllerContext context)
   在 System.Web.Mvc.ControllerActionInvoker.InvokeActionResult(ControllerContext controllerContext, ActionResult actionResult)
   在 System.Web.Mvc.ControllerActionInvoker.InvokeActionResultFilterRecursive(IList`1 filters, Int32 filterIndex, ResultExecutingContext preContext, ControllerContext controllerContext, ActionResult actionResult)
   在 System.Web.Mvc.ControllerActionInvoker.InvokeActionResultFilterRecursive(IList`1 filters, Int32 filterIndex, ResultExecutingContext preContext, ControllerContext controllerContext, ActionResult actionResult)
   在 System.Web.Mvc.ControllerActionInvoker.InvokeActionResultWithFilters(ControllerContext controllerContext, IList`1 filters, ActionResult actionResult)
   在 System.Web.Mvc.Async.AsyncControllerActionInvoker.<>c__DisplayClass21.<>c__DisplayClass2b.<BeginInvokeAction>b__1c()
   在 System.Web.Mvc.Async.AsyncControllerActionInvoker.<>c__DisplayClass21.<BeginInvokeAction>b__1e(IAsyncResult asyncResult)

[2018-06-05 17:07:23]    System.Web.HttpException (0x80004005): 无法在发送 HTTP 标头之后进行重定向。
   在 System.Web.HttpResponse.Redirect(String url, Boolean endResponse, Boolean permanent)
   在 System.Web.HttpResponseWrapper.Redirect(String url, Boolean endResponse)
   在 System.Web.Mvc.RedirectToRouteResult.ExecuteResult(ControllerContext context)
   在 System.Web.Mvc.ControllerActionInvoker.InvokeActionResult(ControllerContext controllerContext, ActionResult actionResult)
   在 System.Web.Mvc.ControllerActionInvoker.InvokeActionResultFilterRecursive(IList`1 filters, Int32 filterIndex, ResultExecutingContext preContext, ControllerContext controllerContext, ActionResult actionResult)
   在 System.Web.Mvc.ControllerActionInvoker.InvokeActionResultFilterRecursive(IList`1 filters, Int32 filterIndex, ResultExecutingContext preContext, ControllerContext controllerContext, ActionResult actionResult)
   在 System.Web.Mvc.ControllerActionInvoker.InvokeActionResultWithFilters(ControllerContext controllerContext, IList`1 filters, ActionResult actionResult)
   在 System.Web.Mvc.Async.AsyncControllerActionInvoker.<>c__DisplayClass21.<>c__DisplayClass2b.<BeginInvokeAction>b__1c()
   在 System.Web.Mvc.Async.AsyncControllerActionInvoker.<>c__DisplayClass21.<BeginInvokeAction>b__1e(IAsyncResult asyncResult)

[2018-06-05 18:05:43]    System.Web.HttpException (0x80004005): 服务器无法在发送 HTTP 标头之后追加标头。
   在 System.Web.HttpResponse.AppendHeader(String name, String value)
   在 System.Web.HttpResponseWrapper.AddHeader(String name, String value)
   在 System.Web.Helpers.AntiXsrf.AntiForgeryWorker.GetFormInputElement(HttpContextBase httpContext)
   在 System.Web.Helpers.AntiForgery.GetHtml()
   在 System.Web.Mvc.HtmlHelper.AntiForgeryToken()
   在 ASP._Page_Views_Shared__Index_cshtml.Execute() 位置 d:\X 项目管理\G 固定资产管理(Web)\02.源代码\01.网站程序\KGMFramework.WebApp\KGMFramework.WebApp\Views\Shared\_Index.cshtml:行号 32
   在 System.Web.WebPages.WebPageBase.ExecutePageHierarchy()
   在 System.Web.Mvc.WebViewPage.ExecutePageHierarchy()
   在 System.Web.WebPages.WebPageBase.ExecutePageHierarchy(WebPageContext pageContext, TextWriter writer, WebPageRenderingBase startPage)
   在 System.Web.WebPages.WebPageBase.ExecutePageHierarchy(WebPageContext pageContext, TextWriter writer)
   在 System.Web.WebPages.WebPageBase.<>c__DisplayClass3.<RenderPageCore>b__2(TextWriter writer)
   在 System.Web.WebPages.HelperResult.WriteTo(TextWriter writer)
   在 System.Web.WebPages.WebPageExecutingBase.WriteTo(TextWriter writer, HelperResult content)
   在 System.Web.WebPages.WebPageBase.Write(HelperResult result)
   在 System.Web.WebPages.WebPageBase.RenderSurrounding(String partialViewName, Action`1 body)
   在 System.Web.WebPages.WebPageBase.PopContext()
   在 System.Web.WebPages.WebPageBase.ExecutePageHierarchy(WebPageContext pageContext, TextWriter writer, WebPageRenderingBase startPage)
   在 System.Web.Mvc.RazorView.RenderView(ViewContext viewContext, TextWriter writer, Object instance)
   在 System.Web.Mvc.BuildManagerCompiledView.Render(ViewContext viewContext, TextWriter writer)
   在 System.Web.Mvc.ViewResultBase.ExecuteResult(ControllerContext context)
   在 System.Web.Mvc.ControllerActionInvoker.InvokeActionResult(ControllerContext controllerContext, ActionResult actionResult)
   在 System.Web.Mvc.ControllerActionInvoker.InvokeActionResultFilterRecursive(IList`1 filters, Int32 filterIndex, ResultExecutingContext preContext, ControllerContext controllerContext, ActionResult actionResult)
   在 System.Web.Mvc.ControllerActionInvoker.InvokeActionResultFilterRecursive(IList`1 filters, Int32 filterIndex, ResultExecutingContext preContext, ControllerContext controllerContext, ActionResult actionResult)
   在 System.Web.Mvc.ControllerActionInvoker.InvokeActionResultWithFilters(ControllerContext controllerContext, IList`1 filters, ActionResult actionResult)
   在 System.Web.Mvc.Async.AsyncControllerActionInvoker.<>c__DisplayClass21.<>c__DisplayClass2b.<BeginInvokeAction>b__1c()
   在 System.Web.Mvc.Async.AsyncControllerActionInvoker.<>c__DisplayClass21.<BeginInvokeAction>b__1e(IAsyncResult asyncResult)

[2018-06-05 18:05:45]    System.Web.HttpException (0x80004005): 无法在发送 HTTP 标头之后进行重定向。
   在 System.Web.HttpResponse.Redirect(String url, Boolean endResponse, Boolean permanent)
   在 System.Web.HttpResponseWrapper.Redirect(String url, Boolean endResponse)
   在 System.Web.Mvc.RedirectToRouteResult.ExecuteResult(ControllerContext context)
   在 System.Web.Mvc.ControllerActionInvoker.InvokeActionResult(ControllerContext controllerContext, ActionResult actionResult)
   在 System.Web.Mvc.ControllerActionInvoker.InvokeActionResultFilterRecursive(IList`1 filters, Int32 filterIndex, ResultExecutingContext preContext, ControllerContext controllerContext, ActionResult actionResult)
   在 System.Web.Mvc.ControllerActionInvoker.InvokeActionResultFilterRecursive(IList`1 filters, Int32 filterIndex, ResultExecutingContext preContext, ControllerContext controllerContext, ActionResult actionResult)
   在 System.Web.Mvc.ControllerActionInvoker.InvokeActionResultWithFilters(ControllerContext controllerContext, IList`1 filters, ActionResult actionResult)
   在 System.Web.Mvc.Async.AsyncControllerActionInvoker.<>c__DisplayClass21.<>c__DisplayClass2b.<BeginInvokeAction>b__1c()
   在 System.Web.Mvc.Async.AsyncControllerActionInvoker.<>c__DisplayClass21.<BeginInvokeAction>b__1e(IAsyncResult asyncResult)

[2018-06-05 18:27:32]    System.Web.HttpException (0x80004005): 无法在发送 HTTP 标头之后进行重定向。
   在 System.Web.HttpResponse.Redirect(String url, Boolean endResponse, Boolean permanent)
   在 System.Web.HttpResponseWrapper.Redirect(String url, Boolean endResponse)
   在 System.Web.Mvc.RedirectToRouteResult.ExecuteResult(ControllerContext context)
   在 System.Web.Mvc.ControllerActionInvoker.InvokeActionResult(ControllerContext controllerContext, ActionResult actionResult)
   在 System.Web.Mvc.ControllerActionInvoker.InvokeActionResultFilterRecursive(IList`1 filters, Int32 filterIndex, ResultExecutingContext preContext, ControllerContext controllerContext, ActionResult actionResult)
   在 System.Web.Mvc.ControllerActionInvoker.InvokeActionResultFilterRecursive(IList`1 filters, Int32 filterIndex, ResultExecutingContext preContext, ControllerContext controllerContext, ActionResult actionResult)
   在 System.Web.Mvc.ControllerActionInvoker.InvokeActionResultWithFilters(ControllerContext controllerContext, IList`1 filters, ActionResult actionResult)
   在 System.Web.Mvc.Async.AsyncControllerActionInvoker.<>c__DisplayClass21.<>c__DisplayClass2b.<BeginInvokeAction>b__1c()
   在 System.Web.Mvc.Async.AsyncControllerActionInvoker.<>c__DisplayClass21.<BeginInvokeAction>b__1e(IAsyncResult asyncResult)

[2018-06-05 18:38:58]    System.Web.HttpException (0x80004005): 无法在发送 HTTP 标头之后进行重定向。
   在 System.Web.HttpResponse.Redirect(String url, Boolean endResponse, Boolean permanent)
   在 System.Web.HttpResponseWrapper.Redirect(String url, Boolean endResponse)
   在 System.Web.Mvc.RedirectToRouteResult.ExecuteResult(ControllerContext context)
   在 System.Web.Mvc.ControllerActionInvoker.InvokeActionResult(ControllerContext controllerContext, ActionResult actionResult)
   在 System.Web.Mvc.ControllerActionInvoker.InvokeActionResultFilterRecursive(IList`1 filters, Int32 filterIndex, ResultExecutingContext preContext, ControllerContext controllerContext, ActionResult actionResult)
   在 System.Web.Mvc.ControllerActionInvoker.InvokeActionResultFilterRecursive(IList`1 filters, Int32 filterIndex, ResultExecutingContext preContext, ControllerContext controllerContext, ActionResult actionResult)
   在 System.Web.Mvc.ControllerActionInvoker.InvokeActionResultWithFilters(ControllerContext controllerContext, IList`1 filters, ActionResult actionResult)
   在 System.Web.Mvc.Async.AsyncControllerActionInvoker.<>c__DisplayClass21.<>c__DisplayClass2b.<BeginInvokeAction>b__1c()
   在 System.Web.Mvc.Async.AsyncControllerActionInvoker.<>c__DisplayClass21.<BeginInvokeAction>b__1e(IAsyncResult asyncResult)

